10,-0.011524,120
10,-0.031580,120
10,-0.054747,120
10,-0.044745,120
10,-0.586194,120
10,-0.155221,120
10,-0.175156,120
11,-0.258753,120
11,-0.093906,120
11,-0.118314,120
11,-0.051015,120
11,-0.077466,120
11,-0.658278,120
12,-0.283910,120
12,-0.232925,120
12,-0.216065,120
13,-0.108984,120
13,-0.246302,120
13,-0.076919,120
13,-0.111242,120
13,-0.246361,120
13,-1.447528,120
15,-0.226264,120
15,-0.596493,120
16,-0.008439,120
16,-0.069155,120
16,-0.157479,120
16,-0.036938,120
16,-0.383275,120
16,-0.130892,120
16,-0.023744,120
16,-0.563890,120
17,-0.530818,120
18,-0.075297,120
18,-0.163192,120
18,-0.105777,120
18,-0.194293,120
18,-0.025218,120
18,-0.046742,120
18,-1.269679,120
19,-0.047724,120
19,-0.157488,120
20,-0.109934,120
20,-0.080910,120
20,-0.036077,120
20,-0.134674,120
20,-0.079067,120
20,-0.087619,120
20,-0.034636,120
20,-0.050307,120
20,-0.199355,120
20,-0.129153,120
21,-0.070295,120
21,-0.066055,120
21,-0.181929,120
21,-0.078423,120
21,-0.359212,120
21,-0.060468,120
21,-0.089108,120
21,-0.304766,120
22,-0.219485,120
22,-0.261417,120
22,-0.508521,120
23,-0.049785,120
23,-0.119366,120
23,-0.166048,120
23,-0.142583,120
23,-0.102880,120
23,-0.152154,120
24,-0.220433,120
24,-0.350273,120
24,-0.123231,120
24,-0.415418,120
25,-0.113394,120
25,-0.020591,120
25,-0.089593,120
25,-0.678152,120
26,-0.277129,120
26,-0.209254,120
26,-0.076923,120
26,-0.124290,120
26,-0.039152,120
26,-0.480475,120
27,-0.346335,120
27,-0.483601,120
28,-0.038475,120
28,-0.260745,120
28,-0.023434,120
28,-0.654634,120
29,-0.233282,120
29,-0.020727,120
29,-0.386303,120
29,-0.049063,120
29,-0.019657,120
29,-0.068161,120
29,-0.074384,120
29,-0.108211,120
30,-0.304460,120
30,-0.701047,120
31,-0.101843,120
31,-0.208184,120
31,-0.533081,120
31,-0.211384,120
32,-0.435020,120
32,-0.578954,120
33,-0.218661,120
33,-0.231959,120
33,-0.812266,120
34,-0.465328,120
34,-0.098645,120
34,-0.155771,120
35,-0.029149,120
35,-0.349274,120
35,-0.226772,120
35,-0.047865,120
35,-0.219879,120
35,-0.270954,120
36,-0.128342,120
36,-0.024312,120
36,-0.274492,120
36,-0.154596,120
36,-0.299040,120
37,-0.293775,120
37,-0.266138,120
37,-0.018664,120
37,-0.321775,120
37,-0.379592,120
38,-0.027776,120
38,-0.439778,120
38,-0.030771,120
38,-0.289547,120
39,-0.188154,120
39,-0.003495,120
39,-0.091467,120
39,-0.013197,120
39,-0.135515,120
39,-0.032404,120
39,-0.104971,120
39,-0.075111,120
39,-0.197305,120
40,-0.057512,120
40,-0.498012,120
40,-0.023345,120
40,-0.080357,120
40,-0.037127,120
40,-0.130637,120
40,-0.196745,120
41,-0.143421,120
41,-0.015798,120
41,-0.022196,120
41,-0.161780,120
41,-0.386709,120
41,-0.026183,120
41,-0.080467,120
41,-0.015208,120
41,-0.100458,120
41,-0.033083,120
42,-0.278584,120
42,-0.115941,120
42,0.000011,120
42,-0.119871,120
42,-0.087737,120
42,-0.198005,120
42,-0.171988,120
42,-0.050427,120
43,-0.080322,120
43,-0.076661,120
43,-0.771218,120
43,-0.208963,120
44,-0.431213,120
44,-0.001469,120
44,-0.244690,120
44,-0.429126,120
45,-0.788761,120
46,-0.091172,120
46,-0.012663,120
46,-0.236870,120
46,-0.345901,120
46,-0.091826,120
46,-0.243261,120
47,-0.255512,120
47,-0.312124,120
47,-0.018495,120
47,-0.213850,120
47,-0.145679,120
48,-0.132952,120
48,-0.065308,120
48,-0.172540,120
48,-0.212269,120
48,-0.090276,120
48,-0.253091,120
48,-0.103572,120
49,-0.597768,120
49,-0.128809,120
49,-0.038553,120
49,-0.194324,120
50,-0.214005,120
50,-0.090372,120
50,-0.355605,120
50,-0.077553,120
50,-0.082447,120
50,-0.045660,120
50,-0.023905,120
50,-0.336764,120
51,-0.366903,120
51,-0.283831,120
51,-0.317445,120
52,-0.154393,120
52,-0.046034,120
52,-0.141821,120
52,-0.308007,120
52,-0.017260,120
52,-0.631677,120
53,-0.122501,120
53,-0.411108,120
54,-0.310595,120
54,-0.066275,120
54,-0.744444,120
55,-0.644862,120
55,-0.033638,120
55,-0.274864,120
56,-0.045514,120
56,-0.010322,120
56,-0.350658,120
56,-0.175336,120
56,-0.312709,120
57,-0.140101,120
57,-0.340919,120
57,-0.138213,120
57,-0.132935,120
57,-0.076044,120
57,-0.144690,120
58,-0.306419,120
58,-0.077918,120
58,-0.040570,120
58,-0.275202,120
58,-0.494077,120
59,-0.246709,120
59,-0.168120,120
59,-0.000592,120
59,-0.043152,120
59,-0.167607,120
59,-0.623910,120
60,-0.044938,120
60,-0.006276,120
60,-0.594319,120
61,-0.579337,120
61,-0.082110,120
61,-0.179000,120
62,-0.271696,120
62,-0.224792,120
62,-0.047149,120
62,-0.076213,120
62,-0.117546,120
62,-0.008414,120
62,-0.043334,120
62,-0.252074,120
63,-0.070694,120
63,-0.101900,120
63,-0.041388,120
63,-0.674067,120
63,-0.033616,120
64,-0.368027,120
64,-0.440914,120
64,-0.146510,120
64,-0.061312,120
65,-0.074326,120
65,-0.115920,120
65,-0.013515,120
65,-0.073623,120
65,-0.095748,120
65,-0.125422,120
65,-0.413609,120
66,-0.057273,120
66,-0.592462,120
66,-0.068147,120
66,-0.046575,120
66,-0.053112,120
66,-0.433033,120
67,-0.074711,120
67,-0.112213,120
67,-0.241789,120
67,-0.059665,120
67,-0.168225,120
67,-0.233852,120
68,-0.111635,120
68,-0.048317,120
68,-0.564037,120
68,-0.123127,120
69,-0.178070,120
69,-0.062681,120
69,-0.372909,120
69,-0.313579,120
69,-0.153246,120
70,-0.196114,120
70,-0.017892,120
70,-0.063193,120
70,-0.013787,120
70,-0.004177,120
70,-0.196411,120
70,-0.011342,120
70,-0.138098,120
70,-0.058312,120
70,-0.931376,120
71,-0.028672,120
71,-0.056536,120
71,-0.106770,120
71,-0.038331,120
71,-0.017512,120
71,-0.101982,120
72,-0.325919,120
72,-0.085450,120
72,-0.231985,120
72,-0.527842,120
73,-0.025789,120
73,-0.109555,120
73,-0.009949,120
73,-0.053497,120
73,-0.182590,120
73,-0.208946,120
73,-0.171232,120
74,-0.213763,120
74,-0.056925,120
74,-0.016262,120
74,-0.210350,120
74,-0.037453,120
74,-0.433862,120
74,-0.224597,120
75,-0.074872,120
75,-0.337512,120
75,-0.024903,120
75,-0.238271,120
75,-0.014748,120
75,-0.358298,120
76,-0.443803,120
76,-0.187140,120
76,-0.120611,120
77,-0.003220,120
77,-0.085053,120
77,-0.115855,120
77,-0.717965,120
77,-0.057502,120
77,-0.172695,120
78,-0.106412,120
78,-0.592845,120
78,-0.107304,120
78,-0.128079,120
79,-0.173950,120
79,-0.101217,120
79,-0.294301,120
79,-0.037698,120
79,-0.202212,120
79,-0.261129,120
80,-0.168033,120
80,-0.274255,120
80,-0.311105,120
80,-0.101367,120
81,-0.061707,120
81,-0.064929,120
81,-0.088627,120
81,-0.181605,120
81,-0.814780,120
82,-0.069556,120
82,-0.412336,120
82,-0.013104,120
82,-0.181167,120
82,-0.199387,120
83,-0.136258,120
83,-0.094841,120
83,-0.006562,120
83,-0.468899,120
83,-0.029006,120
83,-0.143160,120
83,-0.076147,120
84,-0.269199,120
84,-0.271336,120
84,-0.062955,120
84,-0.234027,120
84,-0.088217,120
84,-0.129462,120
85,-0.056226,120
85,-0.050135,120
85,-0.064425,120
85,-0.146198,120
85,-0.033043,120
85,-0.077546,120
85,-0.165428,120
85,-0.017092,120
85,-0.146518,120
85,-0.050598,120
85,-0.292951,120
86,-0.066294,120
86,-0.174878,120
86,-0.312814,120
86,-0.184004,120
86,-0.441202,120
87,-0.002107,120
87,-0.173839,120
87,-0.204495,120
87,-0.035285,120
87,-0.016283,120
87,-0.420557,120
88,-0.156387,120
88,-0.073272,120
88,-0.040778,120
88,-0.017286,120
88,-0.024111,120
88,-0.377781,120
88,-0.074762,120
89,-0.079079,120
89,-0.009490,120
89,-0.607717,120
89,-0.037168,120
89,-0.135756,120
89,-0.456941,120
90,-0.420166,120
90,-0.772766,120
91,-0.013609,120
91,-0.044114,120
91,-0.138531,120
91,-0.078230,120
91,-0.022035,120
91,-0.230711,120
92,-0.387761,120
92,-0.150851,120
92,-0.204681,120
92,-0.112982,120
92,-0.305007,120
93,-0.568290,120
93,-0.155620,120
93,-0.050682,120
94,-0.081078,120
94,-0.251285,120
94,-0.058063,120
94,-0.270656,120
94,-0.254083,120
94,-0.513644,120
95,-0.215137,120
95,-0.086515,120
95,-0.026858,120
95,-0.170107,120
95,-0.090069,120
96,-0.034954,120
96,-0.061460,120
96,-0.113104,120
96,-0.166378,120
96,-0.107694,120
96,-0.019572,120
96,-0.008924,120
96,-0.168490,120
96,-0.030935,120
96,-0.155314,120
96,-0.209163,120
97,-0.183439,120
97,-0.065716,120
97,-0.206514,120
97,-0.650528,120
98,-0.136865,120
98,-0.324812,120
98,-0.051764,120
98,-0.252521,120
98,-0.271351,120
99,-0.225433,120
99,-0.725876,120
100,-0.175557,120
100,-0.393236,120
100,-0.084165,120
100,-0.001483,120
100,-1.182018,120
102,-0.015903,120
102,-0.183653,120
102,-0.203389,120
102,-0.007575,120
102,-0.009543,120
102,-0.001657,120
102,-0.158830,120
102,-0.002687,120
102,-0.212260,120
102,-0.025051,120
102,-0.218756,120
103,-0.196894,120
103,-0.037022,120
103,-0.217949,120
103,-0.012178,120
103,-0.099660,120
103,-0.444576,120
104,-0.015734,120
104,-0.167264,120
104,-0.605802,120
104,-0.157937,120
105,-0.108451,120
105,-0.210618,120
105,-0.393270,120
105,-0.017425,120
105,-0.221053,120
105,-0.038806,120
106,-0.146481,120
106,-0.039953,120
106,-0.319845,120
106,-0.078450,120
106,-0.028601,120
106,-0.182694,120
106,-0.096803,120
106,-0.126437,120
107,-0.445619,120
107,-0.161826,120
107,-0.070361,120
107,-0.123504,120
107,-0.538923,120
108,-0.073285,120
108,-0.223829,120
108,-0.093124,120
108,-0.015623,120
108,-0.025169,120
108,-0.621630,120
109,-0.106859,120
109,-0.513103,120
110,-0.110443,120
110,-0.006300,120
110,-0.079454,120
110,-0.086460,120
110,-0.133704,120
110,-0.124630,120
110,-0.039442,120
110,-0.198019,120
110,-0.361550,120
111,-0.099247,120
111,-0.028740,120
111,-0.224593,120
111,-0.097561,120
111,-0.105259,120
111,-0.095783,120
111,-0.050080,120
111,-0.064616,120
111,-0.216533,120
112,-0.232664,120
112,-0.153162,120
112,-0.342300,120
112,-0.386552,120
113,-0.443556,120
113,-0.030682,120
113,-0.032467,120
113,-0.156694,120
113,-0.214217,120
114,-0.037602,120
114,-0.173056,120
114,-0.523686,120
114,-0.103329,120
115,-0.561840,120
115,-0.604308,120
116,-0.065984,120
116,-0.118512,120
116,-0.037637,120
116,-0.366160,120
116,-0.094747,120
116,-0.192089,120
117,-0.189150,120
117,-0.196699,120
117,-0.197558,120
117,-0.033911,120
117,-0.707253,120
118,-0.557405,120
118,-0.005913,120
118,-0.125569,120
119,-0.031201,120
119,-0.092814,120
119,-0.144154,120
119,-0.114119,120
119,-0.880675,120
120,-0.165176,120
120,-0.170361,120
120,-0.080635,120
120,-0.031205,120
120,-0.408761,120
121,-0.300231,120
121,-0.151951,120
121,-0.026253,120
121,-0.687757,120
122,-0.052809,120
122,-0.209942,120
122,-0.460340,120
123,-0.246270,120
123,-0.044873,120
123,-0.511757,120
123,-0.775959,120
124,-0.074021,120
124,-0.256891,120
125,-0.192496,120
125,-0.253865,120
125,-0.000652,120
125,-0.261596,120
125,-0.051387,120
125,-0.017326,120
125,-0.324953,120
126,-0.155238,120
126,-0.011064,120
126,-0.070248,120
126,-1.147108,120
127,-0.258081,120
127,-0.094265,120
127,-0.331626,120
128,-0.019104,120
128,-0.049972,120
128,-0.016389,120
128,-0.083320,120
128,-0.035125,120
128,-0.069529,120
128,-0.006303,120
128,-0.024237,120
128,-0.009150,120
128,-0.126474,120
128,-0.546742,120
129,-0.084673,120
129,-0.400560,120
129,-0.314088,120
129,-0.297380,120
130,-0.196127,120
130,-0.605574,120
131,-0.002407,120
131,-0.044006,120
131,-0.388271,120
131,-0.436651,120
131,-0.073432,120
132,-0.197323,120
132,-0.183568,120
132,-0.296482,120
132,-0.000450,120
132,-0.426440,120
133,-0.088441,120
133,-0.542394,120
133,-0.018071,120
133,-0.552109,120
134,-1.130599,120
135,-0.104955,120
135,-0.216333,120
135,-0.142415,120
135,-0.135487,120
136,-0.406167,120
136,-0.406292,120
136,-0.303079,120
137,-0.311006,120
137,-0.109068,120
137,-0.267791,120
137,-0.118219,120
137,-0.054864,120
138,-0.180249,120
138,-0.270006,120
138,-0.583028,120
139,-0.735670,120
139,-0.707054,120
140,-0.046679,120
140,-1.098535,120
141,-0.001251,120
141,-0.345302,120
141,-0.309797,120
142,-0.046667,120
142,-0.130580,120
142,-0.263376,120
142,-0.156647,120
142,-0.024778,120
142,-0.542349,120
143,-0.120091,120
143,-0.308780,120
143,-0.384655,120
144,-0.048637,120
144,-0.214547,120
144,-0.085406,120
144,-0.110429,120
144,-0.019473,120
144,-0.027093,120
144,-0.073464,120
144,-0.073653,120
144,-0.018912,120
144,-0.018585,120
144,-0.086518,120
145,-0.028686,120
145,-0.350678,120
145,-0.039633,120
145,-0.256965,120
145,-0.066735,120
145,-0.122889,120
145,-0.067942,120
145,-0.004461,120
146,-0.065566,120
146,-0.062035,120
146,-0.208521,120
146,-0.067565,120
146,-0.091624,120
146,-0.057854,120
146,-0.056039,120
146,-0.021827,120
146,-0.250908,120
146,-0.184214,120
147,-0.495570,120
147,-0.265762,120
147,-0.206864,120
148,-0.034714,120
148,-0.343213,120
148,-0.202859,120
148,-0.014026,120
10,-0.011571,120
10,-0.054339,120
10,-0.006418,120
10,-0.077586,120
10,-0.012833,120
10,-0.131012,120
10,-0.227158,120
10,-0.311760,120
10,-0.323948,120
11,-0.456599,120
11,-0.065851,120
11,-0.003543,120
11,-0.020054,120
11,-0.274505,120
11,-0.170322,120
12,-0.087809,120
12,-0.395123,120
12,-0.266582,120
12,-0.430752,120
13,-0.058093,120
13,-0.061272,120
13,-0.078370,120
13,-0.067330,120
13,-0.162404,120
13,-0.054921,120
13,-0.011441,120
13,-0.207805,120
14,-0.121715,120
14,-0.353226,120
14,-0.139168,120
14,-0.087099,120
14,-0.025526,120
14,-0.225847,120
14,-0.432882,120
15,-0.215200,120
15,-0.585401,120
16,-0.208886,120
16,-0.065886,120
16,-0.021798,120
16,-0.098942,120
16,-0.280592,120
16,-0.061408,120
16,-0.246267,120
17,-0.412535,120
17,-0.015711,120
17,-0.303464,120
17,-0.336105,120
18,-0.027077,120
18,-0.184736,120
18,-0.566883,120
19,-0.060881,120
19,-0.027907,120
19,-0.133662,120
19,-0.052627,120
19,-0.113498,120
19,-0.005661,120
19,-0.302469,120
19,-0.010932,120
19,-0.262956,120
20,-0.256719,120
20,-0.345438,120
20,-0.049617,120
20,-0.083710,120
20,-0.478624,120
21,-0.162206,120
21,-0.278893,120
21,-0.063776,120
21,-0.199981,120
21,-0.631762,120
22,-0.536836,120
23,-0.701815,120
23,-0.321739,120
24,-0.063911,120
24,-0.009336,120
24,-0.022788,120
24,-0.181926,120
24,-0.146516,120
24,-0.010908,120
24,-0.043929,120
24,-0.010975,120
24,-0.485920,120
25,-0.010873,120
25,-0.032955,120
25,-0.253563,120
25,-0.014508,120
25,-0.021796,120
25,-0.667946,120
26,-0.540312,120
26,-0.392709,120
27,-0.072350,120
27,-0.225138,120
27,-0.333915,120
27,-0.100437,120
27,-0.223567,120
28,-0.015887,120
28,-0.347964,120
28,-0.726212,120
29,-0.024305,120
29,-0.463961,120
29,-0.029782,120
29,-0.077516,120
29,-0.067315,120
29,-0.054815,120
29,-0.025102,120
29,-0.427371,120
30,-0.169529,120
30,-0.075154,120
30,-0.119586,120
30,-0.279591,120
30,-0.081924,120
31,-0.009833,120
31,-0.057313,120
31,-0.069928,120
31,-0.068724,120
31,-0.029311,120
31,-0.264279,120
31,-0.149441,120
31,-0.086191,120
31,-0.253241,120
32,-0.173491,120
32,-0.095987,120
32,-0.271927,120
32,-0.122330,120
32,-0.267976,120
32,-0.164256,120
33,-0.305333,120
33,-0.022663,120
33,-0.124075,120
33,-0.192827,120
33,-0.054649,120
33,-0.013492,120
33,-0.193325,120
34,-0.070971,120
34,-0.112062,120
34,-0.088224,120
34,-0.050030,120
34,-0.144633,120
34,-0.995422,120
35,-0.003700,120
35,-0.194164,120
35,-0.330161,120
36,-0.026703,120
36,-0.058046,120
36,-0.198538,120
36,-0.063021,120
36,-0.403107,120
36,-0.049843,120
36,-0.440283,120
37,-0.030942,120
37,-0.018352,120
37,-0.141014,120
37,-0.008626,120
37,-0.242601,120
37,-0.044916,120
37,-0.799348,120
38,-0.229543,120
38,-0.024585,120
38,-0.145206,120
38,-0.015833,120
38,-0.126566,120
39,-0.024355,120
39,-0.305611,120
39,-0.544713,120
39,-0.306659,120
40,-0.167099,120
40,-0.435889,120
40,-0.091273,120
40,-0.014581,120
40,-0.165550,120
41,-0.582571,120
41,-0.025977,120
41,-0.012287,120
41,-0.042733,120
41,-0.256839,120
42,-0.155647,120
42,-0.058053,120
42,-0.187013,120
42,-0.118094,120
42,-0.031671,120
42,-0.234711,120
42,-0.159647,120
43,-0.133409,120
43,-0.178666,120
43,-0.175231,120
43,-0.059458,120
43,-0.352759,120
43,-0.403826,120
44,-0.020693,120
44,-0.032237,120
44,-0.977296,120
45,-0.416109,120
45,-0.376122,120
46,-0.097319,120
46,-0.232501,120
46,-0.069298,120
46,-0.134270,120
46,-0.190536,120
46,-0.185250,120
47,-0.016383,120
47,-0.004439,120
47,-0.000592,120
47,-0.017007,120
47,-0.074882,120
47,-0.014655,120
47,-0.034865,120
47,-0.079295,120
47,-0.121988,120
47,-0.025691,120
47,-0.102685,120
47,-0.028976,120
47,-0.338164,120
47,-0.290578,120
48,-0.814936,120
49,-0.095641,120
49,-0.013114,120
49,-0.376536,120
49,-0.021837,120
49,-0.293716,120
49,-0.446120,120
50,-0.185452,120
50,-0.402336,120
50,-0.157835,120
50,-0.272893,120
51,-0.108009,120
51,-0.188162,120
51,-0.078799,120
51,-0.190781,120
51,-0.003076,120
51,-0.105482,120
51,-0.491312,120
52,-0.022138,120
52,-0.388282,120
52,-0.886863,120
53,-0.034291,120
53,-0.036541,120
53,-0.045974,120
53,-0.212239,120
54,-0.270484,120
54,-0.018632,120
54,-0.043694,120
54,-0.679281,120
55,-0.000121,120
55,-0.058472,120
55,-0.017883,120
55,-0.036665,120
55,-0.173431,120
55,-0.220211,120
55,-0.379495,120
55,-0.228833,120
56,-0.032058,120
56,-0.181572,120
56,-0.022640,120
56,-0.081054,120
56,-0.181113,120
56,-0.109234,120
56,-0.068857,120
56,-0.109251,120
56,-0.034720,120
57,-0.120934,120
57,-0.142637,120
57,-0.000310,120
57,-0.241520,120
57,-0.038035,120
57,-0.158252,120
57,-0.078582,120
57,-0.009291,120
57,-0.160929,120
58,-0.169533,120
58,-0.160991,120
58,-0.095303,120
58,-0.045334,120
58,-0.048209,120
58,-0.406816,120
58,-0.031246,120
58,-0.243277,120
59,-0.016224,120
59,-0.233456,120
59,-0.244329,120
59,-0.016266,120
59,-0.088305,120
59,-0.057460,120
59,-0.098184,120
60,-0.092382,120
60,-0.077885,120
60,-0.290822,120
60,-0.386407,120
60,-0.049850,120
60,-0.967264,120
61,-0.201741,120
62,-0.007504,120
62,-0.436503,120
62,-0.001842,120
62,0.000226,120
62,0.003928,120
62,-0.005332,120
62,-0.127171,120
62,-0.111763,120
62,-0.349429,120
63,-0.169052,120
63,-0.051551,120
63,-0.014607,120
63,-0.143148,120
63,-0.074482,120
63,-0.246478,120
63,-0.011549,120
63,-0.043348,120
63,-0.033461,120
64,-0.609764,120
64,-0.163967,120
64,-0.208503,120
65,-0.502078,120
65,-0.079344,120
65,-0.383495,120
66,-0.070933,120
66,-0.032957,120
66,-0.662795,120
66,-0.135545,120
66,-0.030222,120
66,-0.155246,120
67,-0.155230,120
67,-0.228361,120
67,-0.326471,120
67,-0.395615,120
68,-0.098615,120
68,-0.075545,120
68,-0.120657,120
68,-0.150472,120
68,-0.265454,120
68,-0.286958,120
69,-0.904627,120
70,-0.179490,120
70,-0.099920,120
70,-0.235256,120
70,-0.017720,120
70,-0.415073,120
71,-0.109592,120
71,-0.053298,120
71,-0.045464,120
71,-0.639693,120
71,-0.052302,120
71,-0.131721,120
72,-0.010226,120
72,-0.335619,120
72,-1.229624,120
73,-0.317947,120
74,-0.048300,120
74,-0.296261,120
74,-0.095732,120
74,-0.076896,120
74,-0.193574,120
74,-0.056171,120
74,-0.658006,120
75,-0.607085,120
76,-0.202162,120
76,-0.215783,120
76,-0.143199,120
76,-0.094357,120
76,-0.010973,120
76,-0.113890,120
76,-0.006610,120
76,-0.059038,120
76,-0.037262,120
76,-0.024269,120
76,-0.087200,120
77,-0.223769,120
77,-0.313567,120
77,-0.386332,120
77,-0.301374,120
78,-0.119245,120
78,-0.088307,120
78,-0.189372,120
78,-0.230174,120
78,-0.205245,120
79,-0.268994,120
79,-0.038667,120
79,-0.007862,120
79,-0.239530,120
79,-0.191114,120
79,-0.020579,120
79,-0.126791,120
79,-0.433224,120
80,-0.055842,120
80,-0.006475,120
80,-0.013013,120
80,-0.182737,120
80,-0.535975,120
81,-0.235397,120
81,-0.239160,120
81,-0.026843,120
81,-0.103628,120
81,-0.102639,120
81,-0.349720,120
82,-0.599086,120
82,-0.034800,120
82,-0.025275,120
82,-0.051857,120
82,-0.057013,120
83,-0.009791,120
83,-0.023858,120
83,-0.354780,120
83,-0.012852,120
83,-0.278742,120
83,-1.048275,120
84,-0.247805,120
85,-0.542341,120
85,-0.524072,120
86,-0.244251,120
86,-0.523996,120
86,-0.102980,120
86,-0.181733,120
87,-0.078381,120
87,-0.432977,120
87,-0.056846,120
87,-0.078492,120
87,-0.226681,120
88,-0.085621,120
88,-0.006923,120
88,-0.182098,120
88,-0.155825,120
88,-0.239466,120
88,-0.029729,120
88,-0.612518,120
89,-0.143461,120
89,-0.411619,120
89,-0.007720,120
89,-0.284384,120
90,-0.235082,120
90,-0.042037,120
90,-0.226409,120
90,-0.192646,120
90,-0.010335,120
90,-0.064803,120
90,-0.345167,120
91,-0.076893,120
91,-0.006412,120
91,-0.319849,120
91,-1.272294,120
92,-1.339270,120
94,-0.052610,120
94,-0.114972,120
94,-0.026397,120
94,-0.173464,120
94,-0.501686,120
95,-0.431440,120
95,-0.386693,120
95,-0.323255,120
96,-0.190421,120
96,-0.731510,120
97,-0.155755,120
97,-0.318074,120
97,-0.179354,120
97,-0.479431,120
98,-0.032938,120
98,-0.042305,120
98,-0.335719,120
98,-1.058523,120
99,-0.368796,120
100,-0.607050,120
100,-0.228713,120
101,-0.032965,120
101,-0.228502,120
101,-0.296197,120
101,-0.071688,120
101,-0.039481,120
101,-0.048028,120
101,-0.578206,120
102,-0.236827,120
102,-0.050337,120
102,-0.311831,120
102,-0.614525,120
103,-0.503548,120
104,-0.143975,120
104,-0.125162,120
104,-0.044930,120
104,-0.089593,120
104,-0.017506,120
104,-0.220106,120
104,-0.246373,120
104,-0.353665,120
105,-0.227713,120
105,-0.107266,120
105,-0.355853,120
105,-0.181864,120
106,-0.077794,120
106,-0.054838,120
106,-0.105334,120
106,-0.191243,120
106,-0.203486,120
106,-0.016152,120
106,-0.132090,120
106,-0.506775,120
107,-0.019181,120
107,-0.051719,120
107,-0.134821,120
107,-0.213601,120
107,-0.172321,120
108,-0.121853,120
108,-0.336790,120
108,-0.367798,120
108,-0.508119,120
109,-0.001624,120
109,-0.118000,120
109,-0.151954,120
109,-0.227957,120
109,-0.170413,120
110,-0.426945,120
110,-0.052145,120
110,-0.025803,120
110,-0.294485,120
110,-0.072528,120
110,-0.161182,120
111,-0.233319,120
111,-0.008397,120
111,-0.048061,120
111,-0.117502,120
111,-0.127445,120
111,-0.570033,120
112,-0.170949,120
112,-0.766549,120
113,-0.080616,120
113,-0.234009,120
113,-0.541181,120
113,-0.244018,120
114,-0.555220,120
114,-0.401478,120
115,-0.339523,120
115,-0.069825,120
115,-0.276520,120
115,-0.064305,120
115,-0.071885,120
116,-0.038655,120
116,-0.479799,120
116,-0.291249,120
116,-0.051170,120
116,-0.257338,120
117,-0.342357,120
117,-0.029801,120
117,-0.153558,120
117,-0.258831,120
117,-0.019050,120
117,-0.467852,120
118,-0.008495,120
118,-0.042949,120
118,-0.023713,120
118,-0.012175,120
118,-0.061468,120
118,-0.117128,120
118,-0.843251,120
119,-0.343634,120
119,-0.586172,120
120,-0.085378,120
120,-0.036083,120
120,-0.159195,120
120,-0.082119,120
120,-0.240027,120
121,-0.324066,120
121,-0.051098,120
121,-0.217925,120
121,-0.184216,120
121,-0.374899,120
122,-0.801962,120
123,-0.070637,120
123,-0.065499,120
123,-0.052858,120
123,-0.512256,120
123,-0.011327,120
123,-0.045367,120
123,-0.380935,120
124,-0.041734,120
124,-0.114498,120
124,-0.302823,120
124,-0.304228,120
124,-0.004644,120
124,-0.181339,120
125,-0.299644,120
125,-0.216746,120
125,-0.149993,120
125,-0.147801,120
125,-0.074204,120
125,-0.321637,120
126,-0.178940,120
126,-0.012532,120
126,-0.317815,120
126,-0.019265,120
126,-0.075879,120
126,-0.312086,120
127,-0.546107,120
127,-0.236286,120
128,-0.055989,120
128,-0.026993,120
128,-0.416607,120
128,-0.062314,120
128,-0.124432,120
128,-0.070513,120
128,-0.422108,120
129,-0.149123,120
129,-0.667454,120
130,-0.589096,120
130,-0.018590,120
130,-0.106747,120
130,-0.014098,120
130,-0.138537,120
130,-0.147779,120
131,-0.035124,120
131,-0.190670,120
131,-0.024430,120
131,-0.383669,120
131,-0.141234,120
131,-0.134816,120
131,-0.875891,120
132,-0.121186,120
132,-0.054200,120
132,-0.415227,120
133,-0.016895,120
133,-0.590796,120
134,-0.178043,120
134,-0.601555,120
134,-0.076721,120
134,-0.195524,120
135,-0.121875,120
135,-0.184553,120
135,-0.152340,120
135,-0.147284,120
135,-0.002283,120
135,-0.037843,120
135,-0.087529,120
135,-0.422561,120
136,-0.390641,120
136,-0.168835,120
136,-0.093715,120
136,-0.028352,120
136,-0.194227,120
137,-0.074567,120
137,-0.181953,120
137,-0.048612,120
137,-0.061725,120
137,-0.246704,120
137,-0.302764,120
138,-0.322704,120
138,-0.002615,120
138,-0.133893,120
138,-0.010278,120
138,-0.252740,120
138,-0.063983,120
138,-0.096205,120
138,-0.003023,120
138,-0.476290,120
139,-0.409008,120
139,-0.075609,120
139,-0.071512,120
139,-0.096384,120
140,-0.483787,120
140,-0.071004,120
140,-0.100340,120
140,-0.723319,120
141,-0.172431,120
141,-0.064041,120
141,-0.210359,120
141,-0.137334,120
141,-0.406008,120
142,-0.147340,120
142,-0.756546,120
143,-0.189494,120
143,-0.017973,120
143,-0.064412,120
143,-0.115374,120
143,-0.077884,120
143,-0.049825,120
143,-0.109684,120
143,-0.091717,120
144,-0.188897,120
144,-0.053222,120
144,-0.031993,120
144,-0.235909,120
144,-0.132213,120
144,-0.166644,120
144,-0.082513,120
144,-0.025449,120
144,-0.165721,120
145,-0.081822,120
145,-0.000432,120
145,-0.225253,120
145,-0.169517,120
145,-0.000563,120
145,-0.447162,120
146,-0.190817,120
146,-0.172172,120
146,-0.000897,120
146,-0.568135,120
146,-0.000829,120
146,-0.377502,120
147,-0.029584,120
147,-0.576728,120
147,-0.042373,120
147,-0.107787,120
148,-0.172950,120
148,-0.332603,120
148,-0.000478,120
148,-0.260756,120
148,-0.100216,120
10,-0.011606,120
10,-0.363589,120
10,-0.028510,120
10,-0.142670,120
10,-0.128481,120
10,-0.052002,120
10,-0.062422,120
10,-0.050450,120
11,-0.053654,120
11,-0.173952,120
11,-0.008651,120
11,-0.127669,120
11,-0.166290,120
11,-0.266439,120
11,-0.081495,120
11,-0.255984,120
12,-0.083083,120
12,-0.049191,120
12,-0.045683,120
12,-0.231656,120
12,-0.313534,120
12,-0.388892,120
13,-0.104153,120
13,-0.118556,120
13,-0.094790,120
13,-0.035316,120
13,-0.138701,120
13,-0.364606,120
14,-0.018475,120
14,-0.107933,120
14,-0.055454,120
14,-0.067089,120
14,-0.258416,120
14,-0.607390,120
15,-0.035132,120
15,-0.249878,120
15,-0.033462,120
15,-0.145805,120
15,-0.072335,120
15,-0.008681,120
15,-0.030585,120
15,-0.095941,120
15,-0.057654,120
15,-0.051060,120
16,-0.088978,120
16,-0.053689,120
16,-0.624510,120
16,-0.106769,120
16,-0.034752,120
16,-0.256593,120
17,-0.486399,120
17,-0.504546,120
18,-0.096617,120
18,-0.065469,120
18,-0.844491,120
19,-0.135257,120
19,-0.282258,120
19,-0.267266,120
19,-0.163328,120
20,-0.051470,120
20,-0.042902,120
20,-0.165457,120
20,-0.177935,120
20,-0.114982,120
20,-0.018646,120
20,-0.068865,120
20,-0.045102,120
20,-0.036743,120
20,-0.084327,120
20,-0.081920,120
20,-0.100704,120
21,-0.081740,120
21,-0.102027,120
21,-0.069436,120
21,-0.139566,120
21,-0.075572,120
21,-0.301907,120
21,-0.030062,120
21,-0.129193,120
21,-0.440279,120
22,-0.142123,120
22,-0.088928,120
22,-0.361407,120
22,-0.230629,120
23,-0.121023,120
23,-0.044564,120
23,-0.296562,120
23,-0.208993,120
23,-0.396641,120
24,-0.047213,120
24,-0.105087,120
24,-0.154045,120
24,-0.033202,120
24,-0.053313,120
24,-0.554676,120
25,-0.249514,120
25,-0.105865,120
25,-0.016571,120
25,-0.004244,120
25,-0.253078,120
25,-0.024633,120
25,-0.087165,120
25,-0.017555,120
25,-0.034704,120
26,-0.179599,120
26,-0.203809,120
26,-0.170978,120
26,-0.035750,120
26,-0.025240,120
26,-0.048400,120
26,-0.133387,120
26,-0.135314,120
26,-0.086873,120
27,-0.871070,120
27,-0.015529,120
27,-0.071547,120
28,-0.195596,120
28,-0.128686,120
28,-0.193550,120
28,-0.028657,120
28,-0.028827,120
28,-0.181979,120
28,-0.077971,120
28,-0.040301,120
28,-0.062684,120
28,-0.638004,120
29,-0.053833,120
29,-0.134613,120
29,-0.008444,120
29,-0.034801,120
29,-0.076160,120
29,-0.423210,120
30,-0.018922,120
30,-0.022269,120
30,-0.037048,120
30,-0.336203,120
30,-0.415730,120
31,-1.345389,120
32,-0.466139,120
32,-0.001666,120
32,-0.125860,120
33,-0.103018,120
33,-0.408484,120
33,-0.073618,120
33,-0.160712,120
33,-0.800077,120
34,-0.953680,120
35,-0.055699,120
35,-0.036993,120
35,-0.024423,120
35,-0.085957,120
35,-0.184677,120
35,-0.037336,120
36,-0.110849,120
36,-0.054039,120
36,-0.193120,120
36,-0.190823,120
36,-0.930382,120
37,-0.146913,120
37,-0.134902,120
37,-0.211231,120
37,-0.039429,120
38,-1.071426,120
39,-0.038979,120
39,-0.089085,120
39,-0.304751,120
39,-0.401496,120
39,-0.022221,120
39,-0.009354,120
39,-0.220631,120
40,-0.306682,120
40,-0.053144,120
40,-0.053740,120
40,-0.337331,120
40,-0.020815,120
40,-0.101712,120
41,-0.106602,120
41,-0.685185,120
41,-0.586949,120
42,-0.225132,120
42,-0.216363,120
42,-0.086192,120
42,-0.225961,120
43,-0.137136,120
43,-0.017524,120
43,-0.003277,120
43,-0.189023,120
43,-0.037259,120
43,-0.099190,120
43,-0.302497,120
43,-0.125900,120
44,-0.215854,120
44,-0.080970,120
44,-0.084677,120
44,-0.003554,120
44,-0.019263,120
44,-0.021571,120
44,-0.119438,120
44,-0.283309,120
44,-0.339929,120
45,-0.101263,120
45,-0.216075,120
45,-0.147670,120
45,-0.571954,120
46,-0.026591,120
46,-0.278079,120
46,-0.019699,120
46,-0.000416,120
46,-0.777120,120
47,-0.062339,120
47,-0.021484,120
47,-0.217497,120
47,-0.082919,120
47,-0.006595,120
47,-0.194286,120
47,-0.004994,120
48,-0.272410,120
48,-0.331257,120
48,-0.025995,120
48,-0.131724,120
48,-1.208331,120
49,-0.207999,120
50,-0.080634,120
50,-0.279932,120
50,-0.165180,120
50,-0.077596,120
50,-0.130371,120
50,-0.168744,120
51,-0.079523,120
51,-0.308039,120
51,-0.098802,120
51,-0.209047,120
51,-0.614393,120
52,-0.069002,120
52,-0.442355,120
52,-0.168974,120
53,-0.323326,120
53,-0.030115,120
53,-0.094079,120
53,-0.177748,120
53,-0.512652,120
54,-0.378447,120
54,-0.330046,120
54,-0.096730,120
55,-0.062743,120
55,-0.465512,120
55,-0.313327,120
55,-0.044609,120
55,-0.379416,120
56,-0.013851,120
56,-0.260266,120
56,-0.026742,120
56,-0.175359,120
56,-0.087952,120
56,-0.236467,120
57,-0.159640,120
57,-0.138466,120
57,-0.225921,120
57,-0.203033,120
57,-0.129006,120
57,-0.003721,120
57,-0.310147,120
58,-0.494139,120
58,-0.075735,120
58,-0.098737,120
58,-0.148382,120
59,-0.490849,120
59,-0.721328,120
60,-0.667105,120
61,-0.093898,120
61,-0.483163,120
61,-0.093246,120
61,-0.002203,120
61,-0.057156,120
61,-0.064867,120
61,-0.296176,120
62,-0.392858,120
62,-0.193150,120
62,-0.246548,120
62,-0.631435,120
63,-0.004742,120
63,-0.031458,120
63,-0.054957,120
63,-0.361346,120
64,-0.174042,120
64,-0.179408,120
64,-0.854599,120
65,-0.003304,120
65,-0.401365,120
65,-0.307329,120
66,-0.155980,120
66,-0.381056,120
66,-0.503794,120
67,-0.718690,120
67,-0.078805,120
67,-0.162011,120
68,-0.207212,120
68,-0.012920,120
68,-0.033315,120
68,-0.029092,120
68,-0.441025,120
68,-0.097911,120
68,-0.007380,120
68,-0.025950,120
68,-0.058154,120
68,-0.145354,120
69,-0.049843,120
69,-0.178521,120
69,-0.220404,120
69,-0.008024,120
69,-0.190892,120
69,-0.159338,120
69,-0.474142,120
70,-0.316917,120
70,-0.208088,120
70,-0.050344,120
70,-0.309520,120
71,-0.144183,120
71,-0.073290,120
71,-0.139946,120
71,-0.108020,120
71,-0.074441,120
71,-0.025483,120
71,-0.048105,120
71,-0.051116,120
71,-0.169003,120
72,-0.570816,120
72,-0.040962,120
72,-0.259088,120
72,-0.007436,120
72,-0.073359,120
73,-0.209802,120
73,-0.150269,120
73,-0.026012,120
73,-0.017964,120
73,-0.154961,120
73,-0.216830,120
73,-0.130576,120
73,-0.257978,120
74,-0.055892,120
74,-0.087041,120
74,-0.085886,120
74,-0.386903,120
74,-0.443071,120
75,-0.116337,120
75,-0.132576,120
75,-0.496801,120
76,-0.233191,120
76,-0.008400,120
76,-0.178721,120
76,-0.392878,120
76,-0.444006,120
77,-0.177154,120
77,-0.117062,120
77,-0.320860,120
77,-0.166967,120
78,-0.135553,120
78,-0.222502,120
78,-0.309897,120
78,-0.028866,120
78,-0.006371,120
78,-0.232026,120
78,-0.235375,120
79,-0.089557,120
79,-0.132849,120
79,-0.112288,120
79,-0.267104,120
79,-0.002522,120
79,-0.188254,120
80,-0.085996,120
80,-0.277899,120
80,-0.648430,120
81,-0.045327,120
81,-0.094874,120
81,-0.199283,120
81,-0.070470,120
81,-0.011081,120
81,-0.281229,120
81,-0.197146,120
81,-0.454356,120
82,-0.034586,120
82,-0.054748,120
82,-0.042945,120
82,-0.238586,120
82,-0.306834,120
83,-0.345963,120
83,-0.205107,120
83,-0.054365,120
83,-0.530344,120
84,-0.548016,120
84,-0.166276,120
84,-0.425746,120
85,-0.238956,120
85,-0.440380,120
86,-0.015880,120
86,-0.525559,120
86,-0.058198,120
86,-0.010632,120
86,-0.062234,120
86,-0.039126,120
86,-0.393615,120
87,-0.180707,120
87,-0.252134,120
87,-0.920432,120
88,-0.052165,120
88,-0.379829,120
88,-0.233748,120
89,-0.204077,120
89,-0.004320,120
89,-0.384308,120
89,-0.320698,120
90,-0.619337,120
90,-0.112154,120
90,-0.144989,120
90,-0.061859,120
91,-0.100672,120
91,-0.016518,120
91,-0.109085,120
91,-0.042994,120
91,-0.387033,120
91,-0.619946,120
92,-0.164392,120
92,-0.057384,120
92,-0.215761,120
92,-0.064942,120
92,-0.018291,120
92,-0.141357,120
92,-0.524960,120
93,-0.166315,120
93,-0.077191,120
93,-0.012380,120
93,-0.195691,120
93,-0.028044,120
93,-0.075016,120
94,-0.182460,120
94,-0.086977,120
94,-0.007318,120
94,-0.705949,120
95,-0.008692,120
95,-0.208660,120
95,-0.116949,120
95,-1.061268,120
96,-0.145206,120
96,-0.389338,120
96,-0.413823,120
97,-0.251303,120
97,-0.125703,120
97,-0.086944,120
97,-0.106805,120
97,-0.089055,120
98,-0.063291,120
98,-0.106929,120
98,-0.213170,120
98,-0.115580,120
98,-0.322902,120
98,-0.438767,120
99,-0.027502,120
99,-0.003378,120
99,-0.182004,120
99,-0.119562,120
99,-0.022275,120
99,-0.114134,120
99,-0.639858,120
100,-0.012641,120
100,-0.361759,120
100,-0.071008,120
100,-0.081698,120
100,-0.102434,120
101,-0.118824,120
101,-0.062276,120
101,-0.320325,120
101,-0.284930,120
101,-0.112311,120
101,-0.132319,120
102,-0.869048,120
102,-0.019422,120
102,-0.047210,120
102,-0.099523,120
103,-0.366328,120
103,-0.080821,120
103,-0.131224,120
103,-0.340890,120
104,-0.065703,120
104,-0.235421,120
104,-0.129489,120
104,-0.343991,120
104,-0.160849,120
104,-0.023917,120
104,-0.174322,120
105,-1.410135,120
106,-0.030508,120
106,-0.083589,120
106,-0.122154,120
106,-0.190416,120
106,-0.339136,120
107,-0.010642,120
107,-0.015289,120
107,-0.645288,120
107,-0.133274,120
108,-0.333807,120
108,-0.141561,120
108,-0.048891,120
108,-0.127420,120
108,-0.009292,120
108,-0.098985,120
108,-0.076438,120
108,-0.209756,120
109,-0.207393,120
109,-0.483125,120
109,-0.474703,120
110,-0.204950,120
110,-0.003082,120
110,-0.069468,120
110,-0.135385,120
110,-0.060756,120
110,-0.408430,120
111,-0.026774,120
111,-0.149018,120
111,-0.637721,120
112,-0.026199,120
112,-0.326724,120
112,-0.334924,120
112,-0.122458,120
112,-0.386767,120
113,-0.119911,120
113,-0.185189,120
113,-0.099463,120
113,-0.073494,120
113,-0.002114,120
113,-0.391970,120
114,-0.132215,120
114,-0.065723,120
114,-0.075065,120
114,-0.029652,120
114,-0.194649,120
114,-0.293092,120
114,-0.119560,120
115,-0.269936,120
115,-0.304032,120
115,-0.054120,120
115,-0.014575,120
115,-0.374928,120
116,-0.062314,120
116,-0.024277,120
116,-0.057561,120
116,-0.536496,120
116,-0.070550,120
116,-0.399501,120
117,-0.003453,120
117,-0.088146,120
117,-0.154721,120
117,-0.030551,120
117,-0.091230,120
117,-0.044000,120
117,-0.696472,120
118,-0.111401,120
118,-0.492064,120
118,-0.009963,120
118,-0.992830,120
119,-0.129053,120
120,-0.073632,120
120,-0.063578,120
120,-0.307223,120
120,-0.076371,120
120,-0.504628,120
121,-0.077796,120
121,-0.196582,120
121,-0.387245,120
121,-0.145911,120
121,-0.244141,120
122,-0.025693,120
122,-0.877503,120
123,-0.265936,120
123,-0.315336,120
123,-0.227414,120
123,-0.182786,120
124,-0.138115,120
124,-0.009138,120
124,-0.011238,120
124,-0.123276,120
124,-0.833782,120
125,-0.037470,120
125,-0.020449,120
125,-0.023281,120
125,-0.527453,120
125,-0.115492,120
125,-0.120042,120
125,-0.044104,120
126,-0.870400,120
126,-0.197683,120
127,-0.107377,120
127,-0.049581,120
127,-0.110041,120
127,-0.178943,120
127,-0.012369,120
127,-0.111010,120
127,-0.406682,120
128,-0.076752,120
128,-0.266268,120
128,-1.011077,120
129,-0.109190,120
129,-0.044973,120
129,-0.241409,120
129,-0.329501,120
130,-0.044467,120
130,-0.026345,120
130,-0.926033,120
131,-0.029948,120
131,-0.386830,120
131,-0.513432,120
132,-0.111599,120
132,-0.317422,120
132,-0.010395,120
132,-0.050245,120
132,-0.301837,120
132,-0.072241,120
132,-0.429955,120
133,-0.108451,120
133,-0.059173,120
133,-0.028772,120
133,-0.235902,120
133,-0.279861,120
134,-0.141074,120
134,-0.191584,120
134,-0.248682,120
134,-0.185991,120
134,-0.256126,120
135,-0.120224,120
135,-0.124138,120
135,-0.035465,120
135,-0.227827,120
135,-0.004132,120
135,-0.116936,120
135,-0.043823,120
135,-0.099784,120
135,-0.072932,120
135,-0.021041,120
135,-0.025067,120
135,-0.585340,120
136,-0.283897,120
136,-0.132297,120
136,-0.849570,120
137,-0.289134,120
138,-0.055574,120
138,-0.011219,120
138,-0.143586,120
138,-0.004083,120
138,-0.057878,120
138,-0.078813,120
138,-0.010408,120
138,-0.083684,120
138,-0.099254,120
138,-0.014374,120
138,-0.103793,120
138,-0.383271,120
139,-0.458063,120
139,-0.222593,120
139,-0.035751,120
139,-0.292433,120
140,-1.048272,120
141,-0.621437,120
141,-0.025739,120
141,-0.584706,120
142,-0.172248,120
142,-0.047784,120
142,-0.048045,120
142,-0.215916,120
142,-0.089597,120
143,-0.235747,120
143,-0.415913,120
143,-0.571632,120
144,-0.018843,120
144,-0.049377,120
144,-0.073649,120
144,-0.004320,120
144,-0.164472,120
144,-0.193846,120
144,-0.136135,120
144,-0.307072,120
145,-0.047334,120
145,-0.020956,120
145,-0.055287,120
145,-0.092209,120
145,-0.382706,120
145,-0.220526,120
146,-0.305980,120
146,-0.042326,120
146,-0.015058,120
146,-0.367095,120
146,-0.087143,120
146,-0.035538,120
146,-0.152963,120
147,-0.169468,120
147,-0.517342,120
147,-0.100142,120
147,-0.666530,120
148,-0.979631,120
149,-0.415308,120
149,-0.046719,120
149,-0.020421,120
10,-0.021054,120
10,-0.168489,120
10,-0.108011,120
10,-0.340466,120
10,-0.079527,120
10,-0.022346,120
10,-0.048519,120
10,-0.184044,120
11,-0.029361,120
11,-0.741009,120
11,-0.000431,120
11,-0.040663,120
11,-0.050076,120
11,-0.198703,120
12,-0.038567,120
12,-0.027744,120
12,-0.305686,120
12,-0.232974,120
12,-0.031894,120
12,-0.329545,120
13,-0.191397,120
13,-0.147277,120
13,-0.067008,120
13,-0.093207,120
13,-0.351782,120
14,-0.022212,120
14,-0.114856,120
14,-0.231757,120
14,-0.127026,120
14,-0.155727,120
14,-0.010198,120
14,-0.284711,120
14,-0.056561,120
15,-0.197896,120
15,-0.026500,120
15,-0.186514,120
15,-0.441600,120
15,-0.508672,120
16,-0.034275,120
16,-0.051392,120
16,-0.005551,120
16,-0.096984,120
16,-0.286612,120
16,-0.010992,120
16,-0.020713,120
16,-0.207498,120
17,-0.138123,120
17,-0.161316,120
17,-0.246770,120
17,-0.080845,120
17,-0.164829,120
17,-0.099512,120
17,-0.260415,120
18,-0.289338,120
18,-0.029112,120
18,-0.079470,120
18,-0.045450,120
18,-0.111526,120
18,-0.060132,120
18,-0.316499,120
19,-0.261453,120
19,-0.027482,120
19,-0.153378,120
19,-0.047797,120
19,-0.011473,120
19,-0.338350,120
20,-0.072047,120
20,-0.480197,120
20,-0.185416,120
20,-0.290047,120
21,-0.049620,120
21,-0.331778,120
21,-0.143151,120
21,-0.011647,120
21,-0.181873,120
21,-0.141722,120
21,-0.194757,120
22,-0.049101,120
22,-0.051459,120
22,-0.190053,120
22,-0.335289,120
22,-0.167912,120
22,-0.133834,120
23,-0.387339,120
23,-0.405419,120
23,-0.184350,120
24,-0.318586,120
24,-0.357581,120
24,-0.003648,120
24,-0.389147,120
25,-0.051542,120
25,-0.514604,120
25,-0.001136,120
25,-0.041826,120
25,-0.044708,120
25,-0.003168,120
25,-0.286689,120
26,-0.077837,120
26,-0.402684,120
26,-0.031218,120
26,-0.397327,120
26,-0.033320,120
26,-0.436392,120
27,-0.116390,120
27,-0.192100,120
27,-0.477626,120
28,-0.281681,120
28,-0.619853,120
29,-0.284969,120
29,-0.214676,120
29,-0.297338,120
29,-0.004246,120
29,-0.229173,120
30,-0.041838,120
30,-0.487060,120
30,-0.153558,120
30,-0.081111,120
30,-0.033545,120
30,-0.025728,120
30,-0.311488,120
31,-0.091316,120
31,-0.044922,120
31,-0.079626,120
31,-0.069549,120
31,-0.098687,120
31,-0.093187,120
31,-0.122223,120
31,-0.239654,120
32,-0.291812,120
32,-0.371892,120
32,-0.190412,120
32,-0.195289,120
33,-0.059483,120
33,-0.274045,120
33,-0.349216,120
33,-0.023793,120
33,-0.408524,120
34,-0.252939,120
34,-0.449483,120
34,-0.549378,120
35,-0.564645,120
36,-0.215916,120
36,-0.025956,120
36,-0.083209,120
36,-0.032833,120
36,-0.101304,120
36,-0.069915,120
36,-0.123063,120
36,-0.118592,120
36,-0.153183,120
37,-0.341572,120
37,-0.297498,120
37,-0.129434,120
37,-1.521723,120
39,-0.424358,120
39,-0.049592,120
39,-0.030306,120
39,-0.437778,120
40,-0.095630,120
40,-0.343354,120
40,-0.017822,120
40,-0.071312,120
40,-0.376630,120
41,-0.006779,120
41,-0.044351,120
41,-0.118197,120
41,-0.456134,120
41,-0.008067,120
41,-0.025893,120
41,-0.133112,120
41,-0.299065,120
42,-0.243651,120
42,-0.058360,120
42,-0.293964,120
42,-0.367137,120
43,-0.077228,120
43,-0.270636,120
43,-0.513233,120
44,-1.158700,120
45,-0.048580,120
45,-0.138589,120
45,-0.080942,120
45,-1.172144,120
46,-0.005958,120
46,-0.064060,120
46,-0.311786,120
47,-0.199382,120
47,-0.315776,120
47,-0.280717,120
47,-0.099404,120
47,-0.228472,120
48,-0.042046,120
48,-0.326048,120
48,-0.000921,120
48,-0.070403,120
48,-0.037473,120
48,-0.060787,120
48,-0.128198,120
48,-0.068211,120
48,-0.335272,120
49,-0.230865,120
49,-0.098487,120
49,-0.177416,120
49,-0.237616,120
50,-1.226936,120
51,-0.298721,120
51,0.000061,120
51,-0.399902,120
51,-0.396351,120
52,-0.015698,120
52,-0.491875,120
52,-0.062375,120
52,-0.403786,120
53,-0.837723,120
54,-0.064092,120
54,-0.064254,120
54,-0.242718,120
54,-0.215005,120
54,-0.036958,120
54,-0.002493,120
54,-0.280146,120
55,-0.002405,120
55,-0.222530,120
55,-0.502157,120
55,-0.311079,120
56,-0.464310,120
56,-0.131967,120
56,-0.120271,120
56,-0.071713,120
56,-0.086215,120
56,-0.208950,120
57,-0.039324,120
57,-0.084901,120
57,-0.062815,120
57,-0.360507,120
57,-0.734450,120
58,-0.231662,120
58,-0.092079,120
58,-0.288465,120
59,-0.855511,120
59,-0.059199,120
60,-0.131385,120
60,-0.025728,120
60,-0.101912,120
60,-0.056310,120
60,-0.010540,120
60,-0.037600,120
60,0.002627,120
60,-0.177768,120
60,-0.114766,120
60,-0.067105,120
60,-0.189368,120
60,-0.075729,120
61,-0.246552,120
61,-0.081357,120
61,-0.745657,120
62,-0.760082,120
62,-0.026230,120
62,-0.052645,120
62,-0.721386,120
63,-0.005940,120
63,-0.087448,120
63,-0.176875,120
64,-0.136948,120
64,-0.095942,120
64,-0.084984,120
64,-0.163961,120
64,-0.021211,120
64,-0.114008,120
64,-0.133322,120
64,-0.012438,120
64,-0.556609,120
65,-0.136689,120
65,-0.109133,120
65,-0.085853,120
65,-0.198774,120
65,-0.540827,120
66,-0.019975,120
66,-0.533346,120
66,-0.059983,120
67,-0.275154,120
67,-0.091795,120
67,-0.123042,120
67,-0.127051,120
67,-0.084396,120
67,-0.083866,120
67,-0.681133,120
68,-0.099983,120
68,-0.486527,120
69,-0.094054,120
69,-0.007414,120
69,-0.634554,120
69,-0.118134,120
69,-0.330702,120
70,-0.157061,120
70,-0.040012,120
70,-0.309407,120
70,-0.295929,120
71,-0.129934,120
71,-0.179959,120
71,-0.131943,120
71,-0.209852,120
71,-0.075298,120
71,-0.232247,120
72,-0.241119,120
72,-0.002010,120
72,-0.216656,120
72,-0.230537,120
72,-0.582481,120
73,-0.009643,120
73,-0.265591,120
73,-0.056337,120
73,-0.159737,120
73,-0.046803,120
73,-0.056849,120
73,-0.154367,120
74,-0.368354,120
74,-0.586308,120
75,-0.139089,120
75,-0.071550,120
75,-0.229170,120
75,-0.199467,120
75,-0.080701,120
75,-0.189971,120
75,-0.077077,120
76,-0.221387,120
76,-0.164505,120
76,-0.011588,120
76,-0.206987,120
76,-0.165524,120
76,-0.114955,120
76,-0.062285,120
76,-0.046095,120
77,-0.083087,120
77,-0.096832,120
77,-0.022639,120
77,-0.163252,120
77,-0.051175,120
77,-0.048830,120
77,-0.071835,120
77,-0.259090,120
77,-0.264217,120
78,-0.009011,120
78,-0.038614,120
78,-0.087267,120
78,-0.068878,120
78,-0.273978,120
78,-0.063352,120
78,-0.029419,120
78,-0.108507,120
78,-0.242560,120
79,-0.465201,120
79,-0.289591,120
79,-0.170506,120
79,-0.045330,120
79,-0.053439,120
80,-0.140686,120
80,-0.166687,120
80,-0.025464,120
80,-0.039913,120
80,-0.011839,120
80,-0.162273,120
80,-0.287840,120
80,-0.332633,120
81,-0.126651,120
81,-0.157732,120
81,-0.279475,120
81,-0.006393,120
81,-0.163708,120
81,-0.085281,120
82,-0.074379,120
82,-0.378182,120
82,-0.010776,120
82,-0.274219,120
82,-0.022117,120
82,-0.015529,120
82,-0.158134,120
82,-0.083522,120
83,-0.205495,120
83,-0.042534,120
83,-0.564655,120
83,-0.646183,120
84,-0.246193,120
84,-0.058693,120
84,-0.227577,120
85,-0.030197,120
85,-0.392640,120
85,-0.171314,120
85,-0.097369,120
85,-0.090667,120
85,-0.233981,120
86,-0.002473,120
86,-0.067642,120
86,-0.112007,120
86,-0.155981,120
86,-0.177544,120
86,-0.265426,120
86,-0.030329,120
86,-0.100841,120
86,-0.268914,120
87,-0.140438,120
87,-0.157045,120
87,-0.066445,120
87,-0.028978,120
87,-0.235232,120
87,-0.300553,120
88,-0.060282,120
88,-0.328163,120
88,-0.083278,120
88,-0.034293,120
88,-0.443405,120
89,-0.624344,120
89,-0.304871,120
90,-0.006227,120
90,-0.015340,120
90,-0.032717,120
90,-0.993044,120
91,-0.056792,120
91,-0.012682,120
91,-0.007221,120
91,-0.438905,120
91,-0.535742,120
92,-0.502489,120
92,-0.176616,120
92,-0.283939,120
93,-0.042008,120
93,-0.195081,120
93,-0.154965,120
93,-0.019562,120
93,-0.191768,120
93,-0.029403,120
93,0.000001,120
93,-0.007231,120
93,-0.078386,120
93,-0.055323,120
93,-0.361411,120
94,-0.001657,120
94,-0.075904,120
94,-0.449050,120
94,-0.135249,120
94,-0.065545,120
94,-0.093041,120
95,-0.026801,120
95,-0.095439,120
95,-0.052181,120
95,-0.383566,120
95,-0.049017,120
95,-0.076574,120
95,-0.028433,120
95,-0.076993,120
95,-0.100785,120
95,-0.421314,120
96,-0.043176,120
96,-0.139122,120
96,-0.270455,120
96,-0.050291,120
96,-0.239762,120
97,-0.030046,120
97,-0.020967,120
97,-0.035697,120
97,-0.347326,120
97,-0.056576,120
97,-0.050603,120
97,-0.377696,120
98,-0.037967,120
98,-0.141311,120
98,-0.205929,120
98,-0.061313,120
98,-0.093806,120
98,-0.205466,120
98,-0.640149,120
99,-0.071790,120
99,-0.114524,120
99,-0.276211,120
99,-0.573227,120
100,-0.049143,120
100,-0.011541,120
100,0.000015,120
100,-0.356083,120
100,-0.615766,120
101,-0.567041,120
102,-0.470908,120
102,-0.012867,120
102,-0.202696,120
102,-0.406931,120
103,-0.029485,120
103,-0.145576,120
103,-0.055141,120
103,-0.569308,120
103,-0.269082,120
104,-0.344954,120
104,-0.300880,120
104,-0.259251,120
105,-0.037348,120
105,-0.057752,120
105,-0.084550,120
105,-0.131228,120
105,-0.040050,120
105,-0.153363,120
105,-0.381927,120
106,-0.078501,120
106,-0.115493,120
106,-0.081419,120
106,-0.862793,120
107,-0.215410,120
107,-0.176960,120
107,-0.327160,120
107,-0.039282,120
107,-0.267467,120
108,-0.251772,120
108,-0.055340,120
108,-0.346189,120
108,-0.133193,120
108,-0.064581,120
109,-0.060740,120
109,-0.058673,120
109,-0.871837,120
110,-0.285957,120
110,-0.002764,120
110,-0.107548,120
110,-0.010722,120
110,-0.341851,120
110,-0.055671,120
110,-0.094878,120
110,-0.142014,120
111,-0.454487,120
111,-0.266484,120
111,-0.124223,120
111,-0.175018,120
112,-0.159744,120
112,-0.218563,120
112,-0.385367,120
112,-0.148654,120
113,-0.053052,120
113,-0.353326,120
113,-0.035571,120
113,-0.196547,120
113,-0.024813,120
113,-0.309869,120
113,-0.550032,120
114,-0.132991,120
114,-0.163816,120
114,-0.322022,120
115,-0.276224,120
115,-0.072017,120
115,-0.051540,120
115,-0.296252,120
115,-0.216763,120
116,-0.172067,120
116,-0.087065,120
116,-0.073659,120
116,-0.132329,120
116,-0.117921,120
116,-0.308510,120
116,-0.050786,120
117,-0.022734,120
117,-1.193163,120
118,-0.121764,120
118,-0.090550,120
118,-0.205598,120
118,-0.015444,120
118,-0.040690,120
118,-0.538302,120
119,-0.130417,120
119,-0.136408,120
119,-0.419801,120
119,-0.009907,120
119,-0.286991,120
120,-0.421692,120
120,-0.840328,120
121,-0.015737,120
121,-0.449207,120
121,-0.092696,120
122,-0.074437,120
122,-0.184964,120
122,-0.042510,120
122,-0.656472,120
123,-0.165061,120
123,-0.007707,120
123,-0.021639,120
123,-0.308705,120
123,-0.185853,120
123,-0.031023,120
123,-0.050953,120
123,-0.560970,120
124,-0.053930,120
124,-0.128432,120
124,-0.512954,120
125,-0.206913,120
125,-0.145822,120
125,-0.160766,120
125,-0.036053,120
125,-0.023025,120
125,-0.222434,120
125,-0.200387,120
126,-0.012132,120
126,-0.683894,120
126,-0.066025,120
126,-0.575447,120
127,-0.024038,120
127,-0.108362,120
127,-0.026518,120
127,-0.202280,120
127,-0.188586,120
127,-0.028539,120
127,-0.030154,120
127,-0.122424,120
128,-0.007305,120
128,-0.254241,120
128,-0.310017,120
128,-0.026010,120
128,-0.019576,120
128,-0.441421,120
129,-0.095424,120
129,-0.402349,120
129,-0.285075,120
129,-0.112069,120
130,-0.865633,120
130,-0.003710,120
130,-0.029445,120
130,-0.270485,120
131,-0.140624,120
131,-0.285843,120
131,-0.174113,120
131,-0.070560,120
131,-0.240447,120
132,-0.113426,120
132,-0.266106,120
132,-0.414360,120
132,-0.233479,120
133,-0.448988,120
133,-0.268631,120
133,-0.241201,120
134,-0.045083,120
134,-0.695210,120
134,-0.515053,120
135,-0.220381,120
135,-0.822849,120
136,-0.242923,120
136,-0.042975,120
136,-0.537380,120
137,-0.161684,120
137,-0.064990,120
137,-0.534217,120
138,-0.282769,120
138,-0.165164,120
138,-0.032217,120
138,-0.394403,120
138,-0.102223,120
138,-0.161009,120
139,-0.016127,120
139,-0.533379,120
139,-0.307718,120
140,-0.477115,120
140,-0.062360,120
140,-0.091071,120
140,-0.124616,120
140,-0.208009,120
140,-0.010945,120
140,-0.319899,120
141,-0.201588,120
141,-0.009124,120
141,-0.310725,120
141,-0.001244,120
141,-0.044722,120
141,-0.068712,120
141,-0.027308,120
141,-0.133006,120
142,-0.217483,120
142,-0.224316,120
142,-0.030076,120
142,-0.508434,120
143,-0.014437,120
143,-0.702171,120
143,-0.359221,120
144,-0.200423,120
144,-0.038666,120
144,-0.424367,120
144,-0.211670,120
145,-0.190184,120
145,-0.051529,120
145,-1.108510,120
146,-0.063099,120
146,-0.230176,120
146,-0.064781,120
146,-0.295553,120
147,-0.027644,120
147,-0.282205,120
147,-0.002053,120
147,-0.469140,120
147,-0.075578,120
147,-0.170142,120
148,-0.176975,120
148,-0.328398,120
148,-0.115030,120
148,-0.164417,120
148,-0.447924,120
149,-0.022086,120
149,-0.136104,120
149,-0.279927,120
10,-0.011555,120
10,-0.002605,120
10,-0.133238,120
10,-0.284145,120
10,-0.222677,120
10,-0.028171,120
10,-0.286328,120
10,-0.612678,120
11,-0.125496,120
11,-0.552162,120
12,-0.515455,120
12,-0.630179,120
13,-0.013903,120
13,-0.410379,120
13,-0.246175,120
14,-0.145728,120
14,-0.009302,120
14,-0.131881,120
14,-0.396879,120
14,-0.168102,120
14,-0.164720,120
15,-0.046801,120
15,-0.218033,120
15,-0.104162,120
15,-0.102253,120
15,-0.000342,120
15,-0.106262,120
15,-0.254126,120
15,-0.104285,120
16,-0.090134,120
16,-0.022398,120
16,-0.008226,120
16,-0.396118,120
16,-0.007316,120
16,-0.059521,120
16,-0.557639,120
17,-0.190624,120
17,-0.246569,120
17,-0.332071,120
17,-0.242824,120
18,-0.249859,120
18,-0.278945,120
18,-0.119999,120
18,-0.199601,120
19,-0.030472,120
19,-0.277763,120
19,-0.134233,120
19,-0.472536,120
19,-0.286366,120
20,-0.046260,120
20,-0.348605,120
20,-0.021957,120
20,-0.407594,120
21,-0.039271,120
21,-0.110445,120
21,-0.517941,120
21,-0.425655,120
22,-0.326107,120
22,-0.034597,120
22,-0.010560,120
22,-0.315414,120
22,-0.365389,120
23,-0.094704,120
23,-0.237778,120
23,-0.306594,120
23,-0.197047,120
24,-0.122099,120
24,-0.627178,120
24,-0.228355,120
25,-0.152570,120
25,-0.780638,120
25,-0.360303,120
26,-0.091951,120
26,-0.310717,120
26,-0.306692,120
27,-0.005919,120
27,-0.392534,120
27,-0.079639,120
27,-0.281786,120
27,-0.171199,120
27,-0.077698,120
28,-0.056915,120
28,-0.282439,120
28,-0.239100,120
28,-0.250868,120
28,-0.398335,120
29,-0.023224,120
29,-0.065777,120
29,-0.079887,120
29,-0.151964,120
29,-0.124497,120
29,-0.007455,120
29,-0.065632,120
29,-0.114393,120
29,-0.759300,120
30,-0.055308,120
30,-0.367584,120
31,-0.249364,120
31,-0.264741,120
31,-0.173973,120
31,-0.074751,120
31,-0.298978,120
32,-0.139219,120
32,-0.147162,120
32,-0.666631,120
33,-0.029828,120
33,-0.228437,120
33,-0.050204,120
33,-0.080468,120
33,-0.412435,120
33,-1.071695,120
34,-0.199758,120
35,-0.331529,120
35,-0.200536,120
35,-0.112225,120
35,-0.108488,120
35,-0.205368,120
36,-0.067705,120
36,-0.008707,120
36,-0.065808,120
36,-0.907125,120
37,-0.282033,120
37,-0.478036,120
37,-0.385813,120
38,-0.149790,120
38,-0.062004,120
38,-0.242816,120
38,-0.061073,120
38,-0.017362,120
38,-0.081524,120
38,-0.100211,120
39,-0.018771,120
39,-0.056406,120
39,-0.224795,120
39,-0.039482,120
39,-0.392224,120
39,-0.188385,120
39,-0.058033,120
40,-0.001900,120
40,-0.013475,120
40,-0.005118,120
40,-0.441797,120
40,-0.082955,120
40,-0.201036,120
40,-0.000778,120
40,-0.353615,120
41,-0.483095,120
41,-0.070112,120
41,-0.221827,120
41,-0.195713,120
42,-0.346542,120
42,-0.090858,120
42,-0.215882,120
42,-0.552258,120
43,-0.130498,120
43,-0.158483,120
43,-0.069558,120
43,-0.013874,120
43,-0.851704,120
44,-0.020240,120
44,-0.044401,120
44,-0.015989,120
44,-0.068812,120
44,-0.294341,120
45,-0.273204,120
45,-0.248698,120
45,-0.549953,120
46,-0.000716,120
46,-0.227194,120
46,-0.056486,120
46,-0.472896,120
46,-0.034955,120
46,-0.436616,120
47,-0.007368,120
47,-0.435040,120
47,-0.300028,120
48,-0.020181,120
48,-0.003626,120
48,-0.028903,120
48,-0.040628,120
48,-0.083275,120
48,-0.154792,120
48,-0.060275,120
48,-0.321598,120
48,-0.258068,120
49,-0.155318,120
49,-0.161050,120
49,-0.259088,120
49,-0.229375,120
49,-0.578570,120
50,-0.385224,120
50,-0.204696,120
50,-0.094623,120
51,-0.640729,120
51,-0.168096,120
51,-0.055887,120
51,-0.006966,120
51,-0.362529,120
52,-0.303361,120
52,-0.235848,120
52,-0.118725,120
52,-0.529144,120
53,-0.174386,120
53,-0.044470,120
53,-0.311345,120
54,-0.222446,120
54,-0.184980,120
54,-0.162891,120
54,-0.362048,120
54,-0.028248,120
55,-0.052131,120
55,-0.612531,120
55,-0.017749,120
55,-0.022197,120
55,-0.478677,120
56,-0.380592,120
56,-0.062354,120
56,-0.095211,120
56,-0.054334,120
56,-0.428852,120
57,-0.354119,120
57,-0.056642,120
57,-0.071607,120
57,-0.815663,120
58,-0.000273,120
58,-0.004488,120
58,-0.286903,120
58,-0.021158,120
58,-0.119837,120
58,-0.099560,120
59,-0.118639,120
59,-0.690142,120
59,-0.237056,120
60,-0.253060,120
60,-0.083107,120
60,-0.259040,120
60,-0.815403,120
61,-0.165226,120
61,-0.021823,120
61,-0.080162,120
61,-0.246877,120
62,-0.095380,120
62,-0.051771,120
62,0.005582,120
62,-0.142631,120
62,-0.335910,120
62,-0.107775,120
62,-0.054323,120
62,-0.098376,120
63,-0.369858,120
63,-0.292311,120
63,-0.149426,120
63,-0.173172,120
64,0.007609,240
64,-0.154915,120
64,0.005224,240
64,-0.310093,120
64,-0.067203,120
64,-0.012419,120
64,-0.113638,120
64,-0.000994,120
64,-0.116035,120
64,-0.067596,120
64,-0.554446,120
65,-0.200079,120
65,-0.056207,120
65,-0.197633,120
65,-0.722699,120
66,-0.144237,120
66,-0.006258,120
66,-0.069608,120
66,-0.023858,120
66,-0.101582,120
67,-0.287277,120
67,-0.056735,120
67,-0.163047,120
67,-0.694615,120
68,-0.068003,120
68,-0.376770,120
68,-0.347951,120
69,-0.038502,120
69,-0.615704,120
69,-0.053946,120
69,-0.195988,120
69,-0.213068,120
70,-0.008538,120
70,-0.124447,120
70,-0.308835,120
70,-0.337004,120
70,-0.006426,120
70,-0.526956,120
71,-0.286216,120
71,0.000024,120
71,-0.105908,120
71,-0.009318,120
71,-0.092536,120
71,-0.630333,120
72,-0.234413,120
72,-0.079448,120
72,-0.000714,120
72,-0.069837,120
73,-0.054546,120
73,-0.248905,120
73,-0.073549,120
73,-0.078534,120
73,-0.219413,120
73,-0.096933,120
73,-0.010451,120
73,-0.304502,120
74,-0.081851,120
74,-0.037165,120
74,-0.098800,120
74,-0.123878,120
74,-0.077519,120
74,-0.803119,120
75,-0.136523,120
75,-0.250328,120
75,-0.342805,120
76,-0.054631,120
76,-0.009931,120
76,-0.080173,120
76,-0.131921,120
76,-0.110987,120
76,-0.156767,120
76,-0.170591,120
76,-0.353390,120
77,-0.004698,120
77,-0.063372,120
77,-0.305000,120
77,-0.211731,120
77,-0.569132,120
78,-0.079254,120
78,-0.197642,120
78,-0.075454,120
78,-0.261610,120
78,-0.389163,120
79,-0.007066,120
79,-0.061657,120
79,-0.013524,120
79,-0.226146,120
79,-0.020232,120
79,-0.921652,120
80,-0.060955,120
80,-0.212935,120
80,-0.087926,120
80,-0.255295,120
81,-0.014569,120
81,-0.287764,120
81,-0.151852,120
81,-0.113984,120
81,-0.214377,120
81,-0.002637,120
81,-0.112764,120
82,-0.227920,120
82,-0.272113,120
82,-0.069774,120
82,-0.085814,120
82,-0.018945,120
82,-0.072493,120
82,-0.119163,120
82,-0.569167,120
83,-0.277112,120
83,-0.314592,120
84,-0.086403,120
84,-0.163413,120
84,-0.280704,120
84,-0.176024,120
84,-0.551739,120
85,-0.432131,120
85,-0.478245,120
86,-0.187443,120
86,-0.281945,120
86,-0.197546,120
86,-0.266870,120
87,-0.012336,120
87,-0.440636,120
87,-0.418060,120
88,-0.104765,120
88,-0.095516,120
88,-0.171272,120
88,-0.171606,120
88,-0.159759,120
88,-0.663058,120
89,-0.188235,120
89,-0.073795,120
89,-0.208560,120
89,-0.042712,120
89,-0.081911,120
90,-0.062959,120
90,-0.115928,120
90,-0.646654,120
90,-0.327473,120
91,-0.647270,120
91,-0.232879,120
92,-0.010095,120
92,-0.989603,120
93,-0.008577,120
93,-0.047405,120
93,-0.230869,120
93,-0.233418,120
93,-0.296250,120
93,-0.073418,120
93,-0.015413,120
93,-0.565489,120
94,-0.170976,120
94,-0.780588,120
95,-0.072006,120
95,-0.296859,120
95,-0.073651,120
95,-0.342763,120
96,-0.090961,120
96,-0.191001,120
96,-0.370593,120
96,-0.469072,120
97,-0.077975,120
97,-0.328682,120
97,-1.239318,120
99,-0.236253,120
99,-0.005699,120
99,-0.072052,120
99,-0.685191,120
100,-0.095124,120
100,-0.088512,120
100,-0.026033,120
100,-0.244234,120
100,-0.060238,120
100,-0.109817,120
100,-0.618323,120
101,-0.294378,120
101,-0.051809,120
101,-0.380673,120
102,-0.000051,120
102,-0.589555,120
102,-0.025095,120
102,-0.216969,120
102,-0.425395,120
103,-0.215328,120
103,-0.188230,120
103,-0.296929,120
103,-0.389032,120
104,-0.503901,120
104,-0.377709,120
105,-0.615816,120
105,-0.024264,120
105,-0.407705,120
106,-0.107776,120
106,-0.066684,120
106,-0.106680,120
106,-0.124778,120
106,-0.018633,120
106,-0.002553,120
106,-0.357765,120
107,-0.036493,120
107,-0.240962,120
107,-0.496064,120
107,-0.012563,120
107,-0.045007,120
107,-0.311690,120
108,-0.244237,120
108,-0.168748,120
108,-0.120116,120
108,-0.082938,120
108,-1.005165,120
109,-0.042502,120
109,-0.490304,120
110,-0.186396,120
110,-0.314511,120
110,-0.014857,120
110,-0.013851,120
110,-0.096374,120
111,-0.326385,120
111,-0.295957,120
111,-0.081758,120
111,-1.092529,120
112,-0.055702,120
112,-0.351646,120
113,-0.378908,120
113,-0.031465,120
113,-0.606041,120
114,-0.156453,120
114,-0.186071,120
114,-0.142103,120
114,-0.012819,120
114,-0.092345,120
114,-0.249330,120
115,-0.150953,120
115,-0.060861,120
115,-0.045882,120
115,-0.019150,120
115,-0.196992,120
115,-0.100170,120
115,-0.380351,120
116,-0.179335,120
116,-0.405787,120
116,-0.162481,120
116,-0.438911,120
117,-0.016652,120
117,-0.443782,120
117,-0.097496,120
117,-0.026633,120
117,-0.007255,120
117,-0.060307,120
117,-0.015920,120
117,-0.134199,120
118,-0.045914,120
118,-0.402040,120
118,-0.143470,120
118,-0.117908,120
118,-0.185262,120
118,-0.035367,120
118,-0.345711,120
119,-0.159699,120
119,-0.395550,120
119,-0.131936,120
119,-0.371380,120
120,-0.037210,120
120,-0.306239,120
120,-0.365006,120
121,-0.022568,120
121,-0.014506,120
121,-0.358586,120
121,-0.209356,120
121,-0.023100,120
121,-0.001973,120
121,-0.064660,120
121,-0.481986,120
122,-0.050573,120
122,-0.277892,120
122,-0.018842,120
122,-0.103478,120
122,-0.228149,120
122,-0.185212,120
123,-0.548095,120
123,-0.021082,120
123,-0.148997,120
123,-0.096108,120
123,-0.044754,120
123,-0.065170,120
124,-0.364499,120
124,-0.004472,120
124,-0.464022,120
124,-0.181760,120
125,-0.035274,120
125,-0.042520,120
125,-0.165447,120
125,-0.182800,120
125,-0.026921,120
125,-0.013931,120
125,-0.173997,120
125,-0.077492,120
125,-0.123144,120
125,-0.196955,120
126,-0.214397,120
126,-0.008763,120
126,-0.058254,120
126,-0.015371,120
126,-0.359376,120
126,-0.110650,120
126,-0.055445,120
126,-0.154938,120
127,-0.400980,120
127,-0.147700,120
127,-0.474147,120
128,-0.010411,120
128,-0.169818,120
128,-0.250772,120
128,-0.072088,120
128,-0.139969,120
128,-0.307121,120
129,-0.107679,120
129,-0.094471,120
129,-0.005654,120
129,-0.029001,120
129,-0.097486,120
129,-0.206130,120
129,-0.002340,120
129,-0.271722,120
129,-0.127374,120
129,-0.182531,120
130,-0.066437,120
130,-0.059554,120
130,-0.138983,120
130,-0.267692,120
130,-0.210613,120
130,-0.204813,120
131,-0.218658,120
131,-0.010932,120
131,-0.381834,120
131,-0.101309,120
131,-0.167523,120
131,-0.106457,120
132,-0.401515,120
132,-0.228989,120
132,-0.164370,120
132,-0.096542,120
132,-0.291395,120
133,-1.304262,120
134,-0.013834,120
134,-0.173159,120
134,-0.070342,120
134,-0.142061,120
134,-0.194225,120
135,-0.076658,120
135,-0.087529,120
135,-0.490190,120
135,-0.548367,120
136,-0.627272,120
137,-0.063458,120
137,-0.105407,120
137,-0.044216,120
137,-0.192231,120
137,-0.146954,120
137,-0.039171,120
137,-0.245823,120
137,-0.025727,120
137,-0.182317,120
138,-0.340239,120
138,-0.235192,120
138,-0.004759,120
138,-0.079928,120
138,-0.194416,120
138,-0.140155,120
139,-0.276296,120
139,-0.495029,120
139,-0.013385,120
139,-0.484786,120
140,-0.321949,120
140,-0.293089,120
140,-0.052432,120
141,-0.152143,120
141,-0.427404,120
141,-0.028893,120
141,-0.435047,120
142,-0.112006,120
142,-0.539696,120
142,-0.401116,120
143,-0.148782,120
143,-0.063531,120
143,-0.043843,120
143,-0.199967,120
143,-0.188984,120
143,-0.006656,120
143,-0.044711,120
143,-0.143710,120
143,-0.115391,120
144,-0.493560,120
144,-0.041970,120
144,-0.155886,120
144,-0.315974,120
145,-0.043485,120
145,-0.357267,120
145,-0.046608,120
145,-0.047402,120
145,-0.211986,120
145,-0.040038,120
145,-0.293608,120
146,-0.199873,120
146,-0.067042,120
146,-0.227826,120
146,-0.124353,120
146,-0.372619,120
147,-0.155642,120
147,-0.248012,120
147,-0.186541,120
147,-0.006364,120
147,-0.260751,120
147,-0.221951,120
148,-0.152131,120
148,-0.161898,120
148,-0.331964,120
148,-0.016426,120
148,-0.012592,120
148,-0.604952,120
149,-0.306556,120
149,-0.055688,120
149,-0.245297,120
150,-0.326439,120
150,-0.134194,120
150,-0.266312,120
150,-0.015021,120
150,-0.192116,120
151,-0.295223,120
151,-0.124368,120
151,-0.001147,120
151,-0.046551,120
151,-0.282418,120
151,-0.003147,120
151,-0.247425,120
152,-0.425666,120
152,-0.345628,120
152,-0.152035,120
152,-0.069857,120
153,-0.076091,120
153,-0.187014,120
153,-0.020403,120
153,-0.165792,120
153,-0.417114,120
153,-0.052063,120
10,-0.011645,120
10,-0.141639,120
10,-0.036018,120
10,-0.029641,120
10,-0.169944,120
10,-0.028497,120
10,-0.086391,120
10,-0.048578,120
10,-0.815566,120
11,-0.857182,120
12,-0.672788,120
12,-0.008929,120
12,-0.170679,120
13,-0.133788,120
13,-0.036204,120
13,-0.190201,120
13,-0.254651,120
13,-0.179313,120
13,-0.125825,120
14,-0.079185,120
14,-0.085930,120
14,-0.114435,120
14,-0.020004,120
14,-0.140872,120
14,-0.629110,120
15,-0.130566,120
15,-0.008660,120
15,-0.020203,120
15,-0.188431,120
15,-0.551085,120
15,-0.048138,120
16,-0.864954,120
16,-0.039041,120
16,-0.057823,120
16,-0.078238,120
17,-0.050434,120
17,-0.352142,120
17,-0.054756,120
17,-0.034777,120
17,-0.280099,120
17,-0.022104,120
17,-0.286122,120
18,-0.021290,120
18,-0.242082,120
18,-0.134840,120
18,-0.371452,120
18,-0.059790,120
18,-0.038860,120
19,-0.148443,120
19,-0.093625,120
19,-0.155429,120
19,-0.074932,120
19,-0.212408,120
19,-0.373996,120
20,-0.142486,120
20,-0.390437,120
20,-0.646619,120
21,-0.111065,120
21,-0.068166,120
21,-0.316268,120
21,-0.145918,120
21,-0.110974,120
22,-0.069752,120
22,-0.128672,120
22,-0.628694,120
22,-0.401667,120
23,-0.170520,120
23,-0.009860,120
23,-0.045203,120
23,-0.046979,120
23,-0.501393,120
24,-0.001279,120
24,-0.114475,120
24,-0.065053,120
24,-0.223588,120
24,-0.557154,120
24,-0.627401,120
25,-0.267281,120
25,-0.134270,120
26,-0.197976,120
26,-0.469349,120
26,-0.011564,120
26,-0.197063,120
26,-0.364763,120
27,-0.430107,120
27,-0.064330,120
27,-0.188942,120
27,-0.351890,120
28,-0.045792,120
28,-0.241193,120
28,-0.497683,120
29,-0.184819,120
29,-0.018710,120
29,-0.016721,120
29,-0.340469,120
29,0.000020,120
29,-0.153194,120
29,-0.214384,120
30,-0.152926,120
30,-0.090050,120
30,-0.278661,120
30,-0.496387,120
31,-0.159728,120
31,-0.074051,120
31,-0.006903,120
31,-0.469811,120
31,-0.142245,120
31,-0.263653,120
32,-0.165981,120
32,-0.092832,120
32,-0.187614,120
32,-0.213886,120
32,-0.046578,120
32,-0.176626,120
33,-0.012861,120
33,-0.545105,120
33,-0.059379,120
33,-0.339717,120
33,-0.109618,120
34,-0.064000,120
34,-0.048073,120
34,-0.390570,120
34,-0.159788,120
34,-0.009143,120
34,-0.040297,120
34,-0.105478,120
34,-0.324112,120
35,-0.210744,120
35,-0.010048,120
35,-0.026168,120
35,-0.273969,120
35,-0.199435,120
35,-0.248724,120
36,-0.054315,120
36,-0.098997,120
36,-0.084556,120
36,-0.151455,120
36,-0.442254,120
37,-0.194693,120
37,-0.370298,120
37,-0.508720,120
38,-0.061878,120
38,-0.170020,120
38,-0.230549,120
38,-0.022141,120
38,-0.261197,120
38,-0.465079,120
39,-0.057504,120
39,-0.029324,120
39,-0.235709,120
39,-0.370711,120
40,-0.181422,120
40,-0.196445,120
40,-0.005210,120
40,-0.059375,120
40,-0.420193,120
40,-0.204927,120
41,-0.098841,120
41,-0.076390,120
41,-0.073355,120
41,-0.258388,120
41,-0.347243,120
41,-0.161929,120
42,-0.250941,120
42,-0.112028,120
42,-0.649994,120
43,-0.638441,120
43,-0.019804,120
43,-0.206455,120
43,-0.132835,120
44,-0.054697,120
44,-0.004252,120
44,-0.254807,120
44,-0.335977,120
44,-0.099914,120
44,-0.317049,120
45,-0.004090,120
45,-0.047700,120
45,-0.001436,120
45,-0.326664,120
45,-0.492841,120
46,-0.268898,120
46,-0.458503,120
46,-0.007018,120
46,-0.081534,120
46,-0.159887,120
47,-0.783689,120
47,-0.386028,120
48,-0.118776,120
48,-0.014873,120
48,-0.033391,120
48,-0.054683,120
48,-0.073705,120
48,-0.141892,120
48,-0.437751,120
49,-0.082362,120
49,-0.259716,120
49,-0.249959,120
49,-0.223604,120
49,-0.078519,120
49,-0.146777,120
50,-0.162428,120
50,-0.434850,120
50,-0.336792,120
51,-0.574508,120
51,-0.102570,120
51,-0.048090,120
51,-0.478750,120
52,-0.107199,120
52,-0.165799,120
52,-0.156878,120
52,-0.147164,120
52,-0.621814,120
53,-0.155900,120
53,-0.033865,120
53,-0.054894,120
53,-0.201840,120
53,-0.232266,120
54,-0.010127,120
54,-0.091094,120
54,-0.163503,120
54,-0.441942,120
54,-0.181199,120
55,-0.265247,120
55,-0.137381,120
55,-0.049933,120
55,-0.016218,120
55,-0.187671,120
55,-0.174414,120
55,-0.029451,120
55,-0.114757,120
56,-0.111981,120
56,-0.211746,120
56,-0.443218,120
56,-0.084298,120
56,-0.239069,120
57,-0.523072,120
57,-0.106436,120
57,-0.558143,120
58,-0.151307,120
58,-0.044010,120
58,-0.105454,120
58,-0.128958,120
58,-0.011964,120
58,-0.187710,120
58,-0.089880,120
59,-0.143730,120
59,-0.274434,120
59,-0.093970,120
59,-0.779427,120
60,-0.322024,120
60,-0.052766,120
60,-0.811317,120
61,-0.000112,120
61,-0.081762,120
61,-0.019220,120
61,-0.354161,120
61,-0.066647,120
62,-0.036356,120
62,-0.010687,120
62,-0.805311,120
62,-0.090991,120
63,-0.381115,120
63,-0.227732,120
63,-0.050293,120
63,-0.105345,120
63,-0.059358,120
63,-0.643397,120
64,-0.215969,120
64,-0.170002,120
64,-0.339123,120
65,-0.219012,120
65,-0.001544,120
65,-0.324724,120
65,-0.047371,120
65,-0.161838,120
66,-1.057651,120
67,-0.458430,120
67,-0.028242,120
67,-0.138251,120
67,-0.316401,120
68,-0.072561,120
68,-0.589557,120
68,-0.149215,120
68,-0.038700,120
68,-0.225986,120
69,-0.001618,120
69,-0.879758,120
69,-0.060750,120
70,-0.067973,120
70,-0.123097,120
70,-0.237249,120
70,-0.127578,120
70,-0.140700,120
70,-0.086467,120
70,-0.453757,120
71,-0.102133,120
71,-0.363945,120
71,-0.282825,120
72,-0.291302,120
72,-0.029578,120
72,-0.140841,120
72,-0.138924,120
72,-0.061581,120
72,-0.161994,120
72,-0.114251,120
72,-0.018092,120
72,-0.020563,120
73,-0.023273,120
73,-0.084549,120
73,-0.050378,120
73,-0.019548,120
73,-0.017245,120
73,-0.074523,120
73,-0.075707,120
73,-0.004022,120
73,-0.084875,120
73,-0.075045,120
73,-0.004901,120
73,-0.378582,120
73,-0.469676,120
74,-0.141481,120
74,-0.053563,120
74,-0.024683,120
74,-0.155464,120
74,-0.163111,120
74,-0.021922,120
74,-0.000857,120
74,-0.178286,120
75,-0.104355,120
75,-0.036898,120
75,-0.013743,120
75,-0.008769,120
75,-0.231863,120
75,-0.363657,120
75,-0.254667,120
76,-0.026184,120
76,-0.146705,120
76,-0.138958,120
76,-0.181020,120
76,-0.941826,120
77,-0.005706,120
77,-0.111005,120
77,-0.242937,120
77,-0.688107,120
78,-0.070673,120
78,-0.233968,120
78,-0.721714,120
79,-0.123003,120
79,-0.320112,120
80,-0.876163,120
80,-0.045881,120
81,-0.392920,120
81,-0.004206,120
81,-0.041645,120
81,-0.009018,120
81,-0.266211,120
81,-0.543588,120
82,-0.166311,120
82,-0.223377,120
82,-0.032668,120
82,-0.188255,120
82,-0.034918,120
82,-0.519481,120
83,-0.004800,120
83,-0.052840,120
83,-0.244876,120
83,-0.156040,120
83,-0.296087,120
84,-0.111369,120
84,-0.359466,120
84,-0.095380,120
84,-0.028588,120
84,-0.306522,120
85,-0.054484,120
85,-0.426774,120
85,-0.051576,120
85,-0.500866,120
86,-0.208572,120
86,-0.004789,120
86,-0.430937,120
86,-0.048727,120
86,-0.007112,120
86,-0.265434,120
87,-0.029031,120
87,-0.592494,120
87,-0.066313,120
87,-0.116451,120
87,-0.649217,120
88,-0.302014,120
88,-0.027193,120
88,-0.838929,120
89,-0.046990,120
89,-0.364193,120
90,-0.356445,120
90,-0.042629,120
90,-0.051422,120
90,-0.097956,120
90,-0.065450,120
90,-0.486112,120
91,-0.506716,120
91,-0.441679,120
92,-0.068896,120
92,-0.306868,120
92,-0.510753,120
93,-0.066393,120
93,-0.427022,120
93,-0.088453,120
93,-0.152199,120
93,-0.186666,120
93,-0.155402,120
94,-0.051335,120
94,-0.172420,120
94,-0.303761,120
94,-0.104786,120
94,-0.026808,120
94,-0.161085,120
94,-0.396678,120
95,-0.664171,120
96,-0.107952,120
96,-0.146776,120
96,-0.576950,120
96,-0.131626,120
96,-0.036756,120
97,-0.512277,120
97,-1.765792,120
99,-0.002264,120
99,-0.067893,120
99,-0.076374,120
99,-0.302877,120
99,-0.086655,120
99,-0.046976,120
99,-0.017286,120
99,-0.296348,120
100,-0.127596,120
100,-0.086136,120
100,-0.114519,120
100,-0.007686,120
100,-0.908341,120
101,-0.225751,120
101,-0.087532,120
101,-0.098832,120
101,-0.009583,120
101,-0.487071,120
102,-0.489625,120
102,-0.043595,120
102,-0.656912,120
103,-0.138389,120
103,-0.120809,120
103,-0.246176,120
104,-0.545883,120
104,-0.058958,120
104,-0.096075,120
104,-0.250573,120
105,-0.218504,120
105,-0.188954,120
105,-0.023781,120
105,-0.266728,120
105,-0.052661,120
105,-0.012985,120
105,-0.031433,120
105,-0.063743,120
105,-0.480511,120
106,-0.089902,120
106,-0.628129,120
107,-0.056356,120
107,-0.020340,120
107,-0.227339,120
107,-0.125471,120
107,-0.124652,120
107,-0.155838,120
107,-0.110147,120
107,-0.011048,120
107,-0.070732,120
107,-0.085668,120
108,-0.057428,120
108,-0.038720,120
108,-0.243886,120
108,-0.200486,120
108,-0.001728,120
108,-0.145459,120
108,-0.252537,120
109,-0.215647,120
109,-0.095986,120
109,-0.035859,120
109,-0.093426,120
109,-0.684168,120
110,-0.146535,120
110,-0.059160,120
110,-0.052117,120
110,-0.050940,120
110,-0.112577,120
110,-0.047353,120
110,-0.129557,120
110,-0.045090,120
110,-0.447104,120
111,-0.129519,120
111,-0.187198,120
111,-0.051724,120
111,-0.022764,120
111,-0.190406,120
111,-0.166519,120
111,-0.158570,120
112,-0.010101,120
112,-0.012080,120
112,-0.271957,120
112,-0.051643,120
112,-0.216473,120
112,-0.330400,120
113,-0.008607,120
113,-0.264864,120
113,-0.050439,120
113,-0.252170,120
113,-0.191375,120
113,-0.095149,120
113,-0.124837,120
114,-0.071057,120
114,-0.333093,120
114,-0.136405,120
114,-0.087077,120
114,-0.008301,120
114,-0.119029,120
114,-0.032335,120
114,-0.291651,120
115,-0.024718,120
115,-0.423645,120
115,-0.014030,120
115,-0.394538,120
115,-0.310539,120
116,-0.040648,120
116,-0.097391,120
116,-0.002726,120
116,-0.050433,120
116,-0.017436,120
116,-0.056114,120
116,-0.492328,120
117,-0.043012,120
117,-0.182916,120
117,-0.707819,120
117,-0.204041,120
118,-0.449808,120
118,-0.393961,120
118,-0.208691,120
119,-0.324087,120
119,-0.045294,120
119,-0.057062,120
119,-0.076023,120
119,-0.169450,120
119,-0.057324,120
119,-0.051928,120
119,-0.391953,120
120,-0.300511,120
120,-0.083989,120
120,-0.052288,120
120,-0.105631,120
120,-0.169965,120
121,-0.113621,120
121,-0.233160,120
121,-0.216555,120
121,-0.036573,120
121,-0.139471,120
121,-0.005034,120
121,-0.031474,120
121,-0.358156,120
122,-0.510428,120
122,-0.008043,120
122,-0.082050,120
122,-0.279903,120
123,-0.341327,120
123,-0.014181,120
123,-0.112010,120
123,-0.063446,120
123,-0.047498,120
123,-0.620923,120
124,-0.115190,120
124,-0.010544,120
124,-0.067090,120
124,-0.290980,120
124,-0.701974,120
125,-0.017427,120
125,-0.296328,120
125,-0.037468,120
125,-0.189900,120
126,-0.200839,120
126,-0.004031,120
126,-0.292171,120
126,-0.035008,120
126,-0.080384,120
126,-0.245368,120
126,-0.249282,120
127,-0.217275,120
127,-0.473885,120
127,-0.223994,120
128,-0.006606,120
128,-0.138522,120
128,-0.261026,120
128,-0.437427,120
128,-0.286256,120
129,-0.112622,120
129,-0.058547,120
129,-0.068381,120
129,-1.589885,120
131,-0.297782,120
131,-0.269046,120
131,-0.237951,120
131,-0.135964,120
131,-0.042598,120
132,-0.045581,120
132,-0.093143,120
132,-0.961358,120
133,-0.399578,120
133,-0.302061,120
133,-0.111474,120
133,-0.023926,120
133,-0.106402,120
134,-0.266348,120
134,-0.025467,120
134,-0.433206,120
134,-0.459129,120
135,-0.324558,120
135,-0.097145,120
135,-0.091076,120
135,-0.432559,120
136,-0.764904,120
136,-0.041298,120
136,-0.122926,120
137,-0.404573,120
137,-0.113401,120
137,-0.056472,120
137,-0.128137,120
137,-0.174470,120
137,-0.513857,120
138,-0.770703,120
139,-0.082541,120
139,-0.457916,120
139,-0.419740,120
140,-0.032460,120
140,-0.269233,120
140,-0.079707,120
140,-0.275337,120
140,-0.049166,120
140,-0.087208,120
141,-0.131397,120
141,-0.090005,120
141,-0.061311,120
141,-0.593750,120
141,-0.024470,120
141,-0.202129,120
142,-0.053032,120
142,-0.022299,120
142,-0.113594,120
142,-0.549903,120
142,-0.237806,120
143,-0.238647,120
143,-0.029724,120
143,-0.033694,120
143,-0.053876,120
143,-0.070082,120
143,-0.195968,120
143,-0.381823,120
144,-0.087419,120
144,-0.917380,120
145,-0.097585,120
145,-0.091189,120
145,-0.086223,120
145,-0.411713,120
145,-0.398017,120
146,-0.114885,120
146,-0.056183,120
146,-0.354468,120
146,-0.186563,120
146,-0.801503,120
147,-0.164027,120
147,-0.181354,120
148,-0.191085,120
148,-0.031031,120
148,-0.004652,120
148,-0.142027,120
148,-0.154730,120
148,-0.406263,120
149,-0.697294,120
149,-0.107203,120
149,-0.300589,120
150,-0.367291,120
150,-0.129138,120
150,-0.320554,120
150,-0.362617,120
151,-0.028393,120
151,-0.077918,120
151,-0.095803,120
151,-0.475532,120
151,-0.168569,120
152,-0.127946,120
152,-0.195691,120
152,-0.400012,120
152,-0.110144,120
152,-0.085052,120
153,-0.297624,120
153,-0.351446,120
153,-0.169216,120
10,-0.009786,120
10,-0.444862,120
10,-0.237909,120
10,-0.099820,120
10,-0.213914,120
11,-0.152719,120
11,-0.512863,120
11,-0.293148,120
11,-0.181541,120
12,-0.099842,120
12,-0.132200,120
12,-0.037869,120
12,-0.093263,120
12,-0.333525,120
12,-0.264865,120
13,-0.010906,120
13,-0.183894,120
13,-0.099355,120
13,-0.214947,120
13,-0.306948,120
13,-0.323820,120
14,-0.531841,120
14,-0.117816,120
14,-0.104784,120
15,-0.392823,120
15,-0.044797,120
15,-0.251860,120
15,-0.138834,120
15,-0.093770,120
15,-0.245760,120
16,-0.043797,120
16,-0.077790,120
16,-0.087821,120
16,-1.434848,120
17,-0.064026,120
17,-0.198890,120
18,-0.076776,120
18,-0.256861,120
18,-0.274546,120
18,-0.677987,120
19,-0.784767,120
20,-0.131006,120
20,-0.351071,120
20,-0.724752,120
21,-0.247225,120
21,-0.220364,120
21,-0.217779,120
22,-0.081705,120
22,-0.785127,120
22,-0.620457,120
23,-0.300077,120
23,-0.029013,120
23,-0.068933,120
23,-0.169501,120
24,-0.314887,120
24,-0.097004,120
24,-0.311080,120
24,-0.091836,120
24,-0.132464,120
25,-0.367653,120
25,-0.049101,120
25,-0.118912,120
25,-0.048226,120
25,-0.038101,120
25,-0.001359,120
25,-0.132455,120
25,-0.178210,120
26,-0.223128,120
26,-0.054718,120
26,-0.697016,120
27,-0.057699,120
27,-0.552932,120
27,-0.126084,120
27,-0.317949,120
28,-0.177906,120
28,-0.795393,120
29,-0.463273,120
29,-0.828260,120
30,-0.010042,120
30,-0.121550,120
30,-0.288589,120
30,-0.052110,120
30,-0.291608,120
31,-0.069839,120
31,-0.596752,120
31,-0.510933,120
32,-0.067260,120
32,-0.257966,120
32,-0.084841,120
32,-0.179856,120
32,-0.033158,120
32,-0.377753,120
33,-0.052504,120
33,-0.018182,120
33,-0.096209,120
33,-0.164670,120
33,-0.453789,120
34,-0.069743,120
34,-0.057689,120
34,-0.402245,120
34,-0.258484,120
34,-0.024173,120
34,-1.052605,120
35,-0.076375,120
36,-0.538688,120
36,-0.129284,120
36,-0.143475,120
36,-0.201838,120
37,-0.613335,120
37,-0.106075,120
37,-0.162542,120
37,-0.041883,120
37,-0.017138,120
37,-0.246356,120
38,-0.179408,120
38,-0.312640,120
38,-0.209614,120
38,-0.036807,120
38,-0.289557,120
39,-0.052967,120
39,-0.070991,120
39,-0.170454,120
39,-0.191087,120
39,-0.421943,120
40,-0.116952,120
40,-0.414698,120
40,-0.104840,120
40,-0.042668,120
40,-0.510330,120
41,-0.064525,120
41,-0.115755,120
41,-0.188062,120
41,-0.074872,120
41,-0.101288,120
41,-0.076403,120
41,-0.350941,120
42,-0.033718,120
42,-0.337992,120
42,-0.326066,120
43,-0.111998,120
43,-0.018477,120
43,-0.332066,120
43,-0.276665,120
43,-0.006813,120
43,-0.144498,120
43,-0.112894,120
44,-0.020005,120
44,-0.030739,120
44,-0.197038,120
44,-0.156696,120
44,-0.213554,120
44,-0.014656,120
44,-0.153118,120
44,-0.036002,120
44,-0.204233,120
45,-0.161575,120
45,-0.034572,120
45,-0.178661,120
45,-0.168528,120
45,-0.253716,120
45,-0.022596,120
45,-0.130935,120
45,-0.162017,120
46,-0.019811,120
46,-0.106853,120
46,-0.753048,120
47,-0.847984,120
47,-0.143910,120
48,-0.567703,120
48,-0.105162,120
48,-0.176344,120
48,-0.120074,120
48,-0.021626,120
49,-0.105013,120
49,-0.341113,120
49,-0.214471,120
49,-0.031823,120
49,-0.445363,120
50,-0.112465,120
50,-0.635442,120
50,-0.093555,120
50,-0.185508,120
51,-0.227454,120
51,-0.020814,120
51,-0.433540,120
51,-0.048906,120
51,-0.096949,120
52,-0.011891,120
52,-0.218245,120
52,-0.119303,120
52,-0.023274,120
52,-0.071442,120
52,-0.218627,120
52,-0.007951,120
52,-0.100106,120
52,-0.005243,120
52,-0.045779,120
52,-0.011157,120
52,-0.009371,120
52,-0.015321,120
52,-0.299838,120
53,-0.149416,120
53,-0.176163,120
53,-0.172023,120
53,-0.227466,120
53,-0.179840,120
54,-0.147637,120
54,-0.186322,120
54,-0.017109,120
54,-0.088266,120
54,-0.077852,120
54,-0.168215,120
54,-0.318787,120
55,-0.072595,120
55,-0.249960,120
55,-0.293086,120
55,-0.031084,120
55,-0.068116,120
55,-0.031523,120
55,-0.060438,120
55,-0.386175,120
56,-0.211599,120
56,-0.044714,120
56,-0.170420,120
56,-0.352953,120
57,-0.303550,120
57,-0.862353,120
58,-0.158405,120
58,-0.227703,120
58,-0.215353,120
58,-0.233708,120
59,-0.547131,120
59,-0.070535,120
59,-0.091280,120
59,-0.283104,120
60,-0.115140,120
60,-0.199897,120
60,0.003344,120
60,-0.069759,120
60,-0.839105,120
61,-0.025544,120
61,-0.132074,120
61,-0.127986,120
61,-0.148272,120
61,-0.126246,120
61,-0.179929,120
62,-0.250172,120
62,-0.033043,120
62,-0.143551,120
62,-0.671525,120
63,-0.029209,120
63,-0.287553,120
63,-0.016205,120
63,-0.498392,120
64,-0.113688,120
64,-0.019220,120
64,-0.008576,120
64,-0.164644,120
64,-0.942361,120
65,-0.153014,120
65,-0.143473,120
65,-0.005913,120
65,-0.280131,120
65,-0.125737,120
66,-0.282903,120
66,-0.048980,120
66,-0.156837,120
66,-0.090142,120
66,-0.079371,120
66,-0.188266,120
66,-0.250420,120
67,-0.040611,120
67,-0.241276,120
67,-0.218463,120
67,-0.496874,120
68,-0.454128,120
68,-0.165465,120
68,-0.201147,120
69,-0.078281,120
69,-0.041389,120
69,-0.018953,120
69,-0.317875,120
69,-0.051799,120
69,-0.028098,120
69,-0.020715,120
69,-0.109810,120
69,-0.131280,120
69,-0.093707,120
69,-0.336018,120
70,-0.625588,120
70,-0.231157,120
71,-0.192498,120
71,-0.232265,120
71,-0.013030,120
71,-0.725579,120
72,-0.070837,120
72,-0.678949,120
73,-0.003420,120
73,-0.174423,120
73,-0.354017,120
73,-0.104913,120
73,-0.174729,120
73,-0.072060,120
73,-0.591689,120
74,-0.035391,120
74,-0.015324,120
74,-0.264619,120
74,-0.010583,120
74,-0.258624,120
75,-0.484973,120
75,-0.014336,120
75,-0.102302,120
75,-0.275182,120
75,-0.132926,120
76,-0.441461,120
76,-0.586610,120
77,-0.038071,120
77,-0.061021,120
77,-0.780319,120
77,-0.443557,120
78,-0.064200,120
78,-0.147351,120
78,-0.380552,120
79,-0.007605,120
79,-0.058657,120
79,-0.071734,120
79,-0.088340,120
79,-0.230263,120
79,-0.404347,120
79,-0.147645,120
80,-0.243267,120
80,-0.140659,120
80,-0.058426,120
80,-0.168884,120
80,-0.399595,120
81,-0.066234,120
81,-0.606131,120
81,-0.015214,120
81,-0.071149,120
81,-0.053364,120
81,-0.471884,120
82,-0.437878,120
82,-0.002497,120
82,-0.270695,120
83,-0.025799,120
83,-0.031915,120
83,-0.049511,120
83,-0.020841,120
83,-0.071844,120
83,-0.089043,120
83,-0.038651,120
83,-0.275882,120
83,-0.030922,120
83,-0.108758,120
83,-0.010678,120
83,-0.489927,120
84,-0.116526,120
84,-0.048484,120
84,-0.065642,120
84,-0.330852,120
84,-0.038505,120
84,-0.495130,120
85,-0.034685,120
85,-0.167319,120
85,-0.894286,120
86,-0.132631,120
86,-0.257883,120
86,-0.319710,120
87,-0.005122,120
87,-1.036824,120
88,-0.045631,120
88,-0.029197,120
88,-0.298452,120
88,-0.060603,120
88,-0.075068,120
88,-0.067695,120
88,-0.259196,120
89,-0.288639,120
89,-0.963501,120
90,-0.538048,120
90,-0.091581,120
90,-0.196622,120
91,-0.014883,120
91,-0.148690,120
91,-0.062932,120
91,-0.627571,120
92,-0.181884,120
92,-0.390616,120
92,-0.254296,120
92,-0.101762,120
92,-0.023834,120
92,-0.139504,120
93,-0.642414,120
93,-0.231822,120
93,-0.018260,120
93,-0.119620,120
94,-0.087761,120
94,-0.032985,120
94,-0.036547,120
94,-0.492057,120
94,-0.225416,120
94,-0.044349,120
95,-0.168839,120
95,-0.101610,120
95,-0.060211,120
95,-0.042984,120
95,-0.174141,120
95,-0.140522,120
95,-0.059170,120
95,-0.165352,120
95,-0.122415,120
96,-0.048880,120
96,-0.521987,120
96,-0.509935,120
97,-0.023310,120
97,-0.392148,120
97,-0.005857,120
97,-0.100366,120
97,-0.258470,120
97,-0.044418,120
97,-0.357064,120
98,-0.177422,120
98,-0.073869,120
98,-0.145224,120
98,-0.019320,120
98,-0.541075,120
99,-0.339882,120
99,-0.141790,120
99,-0.149536,120
99,-0.049264,120
99,-0.025634,120
99,-0.242083,120
100,-0.089881,120
100,-0.352367,120
100,-0.093215,120
100,-0.227729,120
100,-0.109004,120
101,-0.041178,120
101,-0.154378,120
101,-0.061438,120
101,-0.012671,120
101,-0.004905,120
101,-0.463162,120
101,-0.478373,120
102,-0.049792,120
102,-0.014713,120
102,-0.108319,120
102,-0.016206,120
102,-0.298724,120
102,-0.071248,120
102,-0.132675,120
103,-0.218609,120
103,-0.145439,120
103,-0.115429,120
103,-0.007534,120
103,-0.213522,120
103,-0.094819,120
103,-0.192255,120
104,-0.200554,120
104,-0.114615,120
104,-0.076194,120
104,-0.167630,120
104,-0.227729,120
104,-0.051721,120
104,-0.157736,120
105,-0.204383,120
105,-0.195592,120
105,-0.111952,120
105,-0.159131,120
105,-0.093371,120
105,-0.291306,120
106,-0.259711,120
106,-0.195481,120
106,-0.058188,120
106,-0.334927,120
106,-0.191809,120
107,-0.336964,120
107,-0.241785,120
107,-0.549620,120
108,-0.236003,120
108,-0.013696,120
108,-0.967244,120
109,-0.019572,120
109,-0.137548,120
109,-0.157243,120
109,-0.038968,120
109,-0.017037,120
109,-0.120078,120
109,-0.208289,120
110,-0.735579,120
110,-0.219585,120
111,-0.003649,120
111,-0.203264,120
111,-0.026899,120
111,-0.123890,120
111,-0.002122,120
111,-0.027715,120
111,-0.107270,120
111,-0.027673,120
111,-0.093375,120
111,-0.066420,120
111,-0.070626,120
111,-0.181895,120
112,-0.246075,120
112,-0.084958,120
112,-0.135463,120
112,-0.288782,120
112,-0.127931,120
112,-0.000653,120
112,-0.038651,120
112,-0.235326,120
113,-0.077247,120
113,-0.353770,120
113,-0.325454,120
113,-0.398709,120
114,-0.561825,120
114,-0.025590,120
114,-0.027358,120
114,-0.609322,120
115,-0.009623,120
115,-0.223419,120
115,-0.320440,120
116,-0.382446,120
116,-0.115642,120
116,-0.048192,120
116,-0.145707,120
116,-0.081049,120
116,-0.039862,120
116,-0.184707,120
117,-0.066700,120
117,-0.028091,120
117,-0.175115,120
117,-0.681427,120
118,-0.375265,120
118,-0.073520,120
118,-0.010249,120
118,-0.136730,120
118,-0.066741,120
118,-0.426403,120
119,-0.256551,120
119,-0.235314,120
119,-0.709902,120
120,-0.570118,120
120,-0.029921,120
120,-0.033097,120
121,-0.027493,120
121,-0.052543,120
121,-0.026241,120
121,-0.172705,120
121,-0.076725,120
121,-0.969844,120
122,-0.264852,120
122,-0.331551,120
122,-0.115444,120
123,-0.093930,120
123,-0.172920,120
123,-0.046455,120
123,-0.386356,120
123,-0.235105,120
123,-0.014244,120
123,-0.438147,120
124,-0.268053,120
124,-0.231326,120
124,-0.033281,120
124,-0.241760,120
125,-0.521934,120
125,-0.077259,120
125,-0.232266,120
126,-0.282071,120
126,-0.047338,120
126,-0.112336,120
126,-0.563205,120
127,-0.166089,120
127,-0.565853,120
127,-0.071426,120
127,-0.247550,120
128,-0.303524,120
128,-0.026934,120
128,-0.051558,120
128,-0.279201,120
128,-0.274655,120
129,-0.003240,120
129,-0.022158,120
129,-0.009886,120
129,-0.008614,120
129,-0.063929,120
129,-0.320128,120
129,-0.129928,120
129,-0.713836,120
130,-0.029252,120
130,-0.662602,120
131,-0.007836,120
131,-0.000715,120
131,-0.013791,120
131,-0.202301,120
131,-0.677333,120
131,-0.243909,120
132,-0.034256,120
132,-0.332796,120
132,-0.240582,120
132,-0.218527,120
132,-0.599085,120
133,-0.238556,120
133,-0.248815,120
134,-0.094905,120
134,-0.081396,120
134,-0.108264,120
134,-0.015647,120
134,-0.104419,120
134,-0.153428,120
134,-0.230493,120
134,-0.173340,120
135,-0.212771,120
135,-0.033292,120
135,-0.089149,120
135,-0.188274,120
135,-0.255629,120
135,-0.002633,120
135,-0.232653,120
136,-0.071753,120
136,-0.170268,120
136,-0.333447,120
136,-0.026570,120
136,-0.004976,120
136,-0.521911,120
137,-0.480954,120
137,-0.216066,120
137,-0.421571,120
138,-0.073523,120
138,-0.316346,120
138,-0.020495,120
138,-0.104094,120
138,-0.609761,120
139,-0.061644,120
139,-0.215279,120
139,-0.014356,120
139,-0.630395,120
140,-0.220074,120
140,-0.085873,120
140,-1.268203,120
141,-0.150547,120
142,-0.205619,120
142,-0.099318,120
142,-0.434579,120
142,-0.465101,120
143,-0.036295,120
143,-0.518515,120
143,-0.058448,120
143,-0.125923,120
144,-0.212444,120
144,-0.767363,120
144,-0.321146,120
145,-0.340801,120
145,-0.018960,120
145,-0.313404,120
145,-0.111745,120
146,-0.061938,120
146,-0.024698,120
146,-0.263687,120
146,-0.118748,120
146,-0.157283,120
146,-0.052181,120
146,-0.116786,120
146,-0.111314,120
147,-0.086136,120
147,-0.184599,120
147,-0.374501,120
147,-0.451887,120
148,-0.277811,120
148,-0.820224,120
149,-0.076384,120
149,-0.038104,120
149,-0.121251,120
149,-0.207704,120
149,-0.240887,120
149,-0.086259,120
149,-0.195586,120
150,-0.066427,120
150,-0.312432,120
150,-0.028476,120
150,-0.325102,120
150,-0.152261,120
151,-0.087186,120
151,-0.094750,120
151,-0.374577,120
151,-0.125754,120
151,-0.121694,120
151,-0.104672,120
151,-0.032077,120
151,-0.414582,120
152,-0.159707,120
152,-0.552424,120
153,-0.003058,120
153,-0.713515,120
153,-0.060881,120
153,-0.301657,120
154,-0.130730,120
154,-0.470823,120
154,-0.127372,120
154,-0.236785,120
10,-0.011383,120
10,-0.204140,120
10,-0.583999,120
10,-0.001531,120
10,-0.481723,120
11,-0.194056,120
11,-0.012683,120
11,-0.228936,120
11,-0.090454,120
11,-0.494618,120
12,-0.049370,120
12,-0.093442,120
12,-0.059475,120
12,-0.058058,120
12,-0.154882,120
12,-0.021672,120
12,-0.113996,120
12,-0.149724,120
13,-0.039865,120
13,-0.128443,120
13,-0.057292,120
13,-0.129796,120
13,-0.085639,120
13,-0.171512,120
13,-0.345648,120
13,-0.087747,120
14,-0.221160,120
14,-0.290582,120
14,-0.829538,120
15,-0.318304,120
15,-0.236613,120
15,-0.373869,120
16,-0.006180,120
16,-0.187640,120
16,-0.022114,120
16,-0.661323,120
17,-0.048016,120
17,-0.240697,120
17,-0.653072,120
18,-0.421528,120
18,-0.006919,120
18,-0.129720,120
18,-0.289005,120
19,-0.133613,120
19,-0.190636,120
19,-0.339134,120
19,-0.008733,120
19,-0.283605,120
19,-0.057761,120
20,-0.181960,120
20,-0.343824,120
20,-0.377297,120
20,-0.211332,120
21,-0.211854,120
21,-0.053323,120
21,-0.029267,120
21,-0.013942,120
21,-0.367152,120
21,-0.028469,120
21,-0.105048,120
21,-0.109063,120
22,-0.346784,120
22,-0.059834,120
22,-0.410690,120
22,-0.460501,120
23,-0.056665,120
23,-0.504392,120
23,-0.187580,120
24,-0.127845,120
24,-0.070036,120
24,-0.042537,120
24,-0.313432,120
24,-0.617658,120
25,-0.120787,120
25,-0.010488,120
25,-0.643376,120
26,-0.900580,120
26,-0.161542,120
27,-0.059031,120
27,-0.128598,120
27,-0.001710,120
27,-0.137051,120
27,-0.083771,120
27,-0.147280,120
27,-0.047447,120
27,-0.042317,120
27,-0.005775,120
27,-0.154185,120
27,-0.272736,120
28,-0.167074,120
28,-0.141488,120
28,-0.568834,120
29,-0.468617,120
29,-0.012373,120
29,-0.010548,120
29,-0.185756,120
29,-0.303909,120
30,-0.198525,120
30,-0.152519,120
30,-0.184619,120
30,-0.247957,120
30,-0.004409,120
30,-0.041741,120
30,-0.070023,120
30,-0.016966,120
30,-0.263411,120
31,-0.353793,120
31,-0.112191,120
31,-0.458097,120
32,-0.267925,120
32,-0.184455,120
32,-0.297089,120
32,-0.087703,120
32,-0.017208,120
32,-0.040316,120
33,-0.140736,120
33,-0.120216,120
33,-0.062095,120
33,-0.189063,120
33,-0.261295,120
33,-0.140360,120
33,-0.345745,120
34,-0.182590,120
34,-0.342245,120
34,-0.145468,120
34,-0.233148,120
35,-0.170645,120
35,-0.645295,120
36,-0.045941,120
36,-0.123287,120
36,-0.109295,120
36,-0.210614,120
36,-0.337201,120
36,-0.021592,120
36,-0.094575,120
36,-0.065098,120
37,-0.018587,120
37,-0.402342,120
37,-0.072307,120
37,-0.300377,120
37,-0.170643,120
37,-0.326789,120
38,-0.444968,120
38,-0.243154,120
39,-0.071389,120
39,-0.533087,120
39,-0.197678,120
39,-0.153295,120
39,-0.038426,120
40,-0.200818,120
40,-0.211719,120
40,-0.288884,120
40,-0.039600,120
40,-0.166014,120
40,-0.374464,120
41,-0.078129,120
41,-0.000451,120
41,-0.129217,120
41,-0.168081,120
41,-0.038662,120
41,-0.130461,120
41,-0.059248,120
41,-0.040814,120
41,-0.102123,120
42,-0.057249,120
42,-0.125356,120
42,-0.340564,120
42,-0.005913,120
42,-0.054388,120
42,-0.306103,120
42,-0.162637,120
43,-0.154439,120
43,-0.025959,120
43,-0.311966,120
43,-0.143670,120
43,-0.093811,120
43,-0.425434,120
44,-0.379519,120
44,-0.103380,120
44,-0.213320,120
44,-0.220907,120
45,-0.111863,120
45,-0.348743,120
45,-0.051135,120
45,-0.741543,120
46,-0.222512,120
46,-0.007924,120
46,-0.050201,120
46,-0.184238,120
46,-0.196112,120
47,-0.065317,120
47,-0.100164,120
47,-0.168130,120
47,-0.185228,120
47,-0.010226,120
47,-0.071460,120
47,-0.420116,120
48,-0.088014,120
48,-0.300395,120
48,-0.531563,120
49,-0.217187,120
49,-0.078790,120
49,-0.072020,120
49,-0.098734,120
49,-0.142080,120
49,-0.000154,120
49,-0.112786,120
49,-0.136410,120
49,-0.439619,120
50,-0.293578,120
50,-0.166492,120
50,-0.515491,120
51,-0.322387,120
51,-0.223304,120
51,-0.179033,120
52,-0.585017,120
52,-0.026675,120
52,-0.087867,120
52,-0.013416,120
52,-0.945237,120
53,-0.088024,120
53,-0.288676,120
54,-0.119240,120
54,-0.014988,120
54,-0.236203,120
54,-0.476094,120
54,-0.092047,120
55,-0.266423,120
55,-0.089688,120
55,-0.734232,120
56,-0.069926,120
56,-0.638253,120
56,-0.151627,120
56,-0.263960,120
57,-0.168271,120
57,-0.061401,120
57,-0.977871,120
58,-0.604614,120
59,-0.206044,120
59,-0.347505,120
59,-0.221599,120
59,-0.000630,120
59,-0.043445,120
59,-0.542974,120
60,-0.069217,120
60,-0.994530,120
61,-0.087351,120
61,-0.039873,120
61,-0.074511,120
61,-0.149448,120
61,-0.012833,120
61,-0.048369,120
61,-0.156283,120
62,-0.004862,120
62,-0.100181,120
62,-0.036449,120
62,-0.358359,120
62,-0.180059,120
62,-1.185231,120
63,-0.152025,120
64,-0.322536,120
64,-0.025746,120
64,-0.085518,120
64,-0.214310,120
64,-0.201298,120
65,-0.022789,120
65,-0.329515,120
65,-0.174529,120
65,-0.045717,120
65,-0.167185,120
65,-0.185475,120
65,-0.133917,120
66,-0.132979,120
66,-0.511327,120
66,-0.009490,120
66,-0.002008,120
66,-0.188846,120
66,-0.177758,120
67,-0.421359,120
67,-0.004416,120
67,-0.031186,120
67,-0.397840,120
68,-0.076100,120
68,-0.404324,120
68,-0.126884,120
68,-0.360225,120
68,-0.267355,120
69,-0.361992,120
69,-0.090521,120
69,-0.085949,120
69,-0.084900,120
69,-0.027284,120
69,-0.578830,120
70,-0.033070,120
70,-0.159390,120
70,-0.035761,120
70,-0.004783,120
70,-0.135391,120
70,-0.158564,120
71,-0.027484,120
71,-0.143068,120
71,-0.680458,120
71,-0.032317,120
71,-0.220139,120
72,-0.314243,120
72,-0.312405,120
72,-0.133548,120
72,-0.328215,120
73,-0.163228,120
73,-0.015487,120
73,-0.105540,120
73,-0.059369,120
73,-0.401294,120
73,-0.051163,120
74,-0.014373,120
74,-0.125051,120
74,-0.367194,120
74,-0.022880,120
74,-1.356706,120
75,-0.123636,120
76,-0.192344,120
76,-0.155503,120
76,-0.311016,120
76,-0.032343,120
76,-0.015488,120
76,-0.183563,120
76,-0.146669,120
77,-0.495891,120
77,-0.232098,120
77,-1.048595,120
78,-0.186623,120
79,-0.033936,120
79,-0.044203,120
79,-0.130908,120
79,-0.506510,120
79,-0.013260,120
79,-0.039150,120
79,-0.083610,120
79,-0.261521,120
80,-0.178670,120
80,-0.059804,120
80,-0.097162,120
80,-0.336050,120
80,-0.050656,120
80,-0.281591,120
81,-0.174177,120
81,-0.603017,120
81,-1.007661,120
82,-0.062653,120
82,-0.668298,120
83,-0.092766,120
83,-0.455071,120
84,-0.083383,120
84,-0.120024,120
84,-0.061927,120
84,-0.059829,120
84,-0.048084,120
84,-0.473044,120
85,-0.577905,120
85,-0.479414,120
86,-0.004324,120
86,-0.286667,120
86,-0.154827,120
86,-0.011234,120
86,-0.022073,120
86,-0.282855,120
86,-0.050406,120
86,-0.327251,120
87,-0.228699,120
87,-0.008379,120
87,-0.125426,120
87,-0.193294,120
87,-0.307691,120
88,-0.073610,120
88,-1.130396,120
89,-0.125688,120
89,-0.092782,120
89,-0.228254,120
89,-0.327508,120
90,-0.309811,120
90,-0.200326,120
90,-0.092942,120
90,-0.047558,120
90,-0.422550,120
91,-0.135588,120
91,-0.151579,120
91,-0.213888,120
91,-0.206353,120
91,-0.126570,120
92,-0.240436,120
92,-0.049856,120
92,-0.400740,120
92,-0.161556,120
92,-0.407493,120
93,-0.122532,120
93,-0.253139,120
93,-0.156120,120
93,-0.160012,120
93,-0.087704,120
94,-0.029109,120
94,-0.062303,120
94,-0.021821,120
94,-0.108245,120
94,-0.293214,120
94,-1.390540,120
95,-0.041337,120
95,-0.419647,120
96,-0.235221,120
96,-0.052349,120
96,-0.157481,120
96,-0.038919,120
96,-0.393009,120
97,-0.020174,120
97,-0.170610,120
97,-0.264385,120
97,-0.012764,120
97,-0.032349,120
97,-0.455212,120
98,-0.840300,120
99,-0.069768,120
99,-0.004928,120
99,-0.051877,120
99,-0.208815,120
99,-0.044165,120
99,-0.158880,120
99,-0.184734,120
99,-0.438645,120
100,-0.279087,120
100,-0.266343,120
100,-0.000249,120
100,-0.093606,120
100,-0.614732,120
101,-0.329964,120
101,-0.023791,120
101,-0.231085,120
102,-0.029556,120
102,-0.071496,120
102,-0.296439,120
102,-0.564103,120
103,-0.045671,120
103,-0.078045,120
103,-0.212502,120
103,-0.138800,120
103,-0.092661,120
103,-0.382907,120
103,-0.190935,120
104,-0.008092,120
104,-0.077879,120
104,-0.106516,120
104,-0.005588,120
104,-0.467754,120
104,-0.224422,120
105,-0.183037,120
105,-0.178727,120
105,-0.594374,120
106,-0.115248,120
106,-0.048640,120
106,-0.758020,120
106,-0.248373,120
107,-0.067622,120
107,-0.045338,120
107,-0.843293,120
108,-0.371331,120
108,-0.563470,120
109,-0.066024,120
109,-0.027936,120
109,-0.134875,120
109,-0.103142,120
109,-0.421920,120
109,-0.006109,120
109,-0.138496,120
110,-0.132151,120
110,-0.234184,120
110,-0.098686,120
110,-0.116570,120
110,-0.191632,120
110,-0.462004,120
111,-0.041790,120
111,-0.327712,120
111,-0.138240,120
111,-0.152523,120
111,-0.005470,120
111,-0.114687,120
112,-0.615878,120
112,-0.222019,120
112,-0.651040,120
113,-0.010778,120
113,-0.324996,120
113,-0.010230,120
113,-0.107970,120
113,-0.214826,120
114,-0.009805,120
114,-0.265426,120
114,-0.203836,120
114,-0.015293,120
114,-0.019092,120
114,-0.111386,120
114,-0.168504,120
114,-0.286511,120
115,-0.321818,120
115,-0.130737,120
115,-0.314035,120
116,-0.066123,120
116,-0.108964,120
116,-0.094973,120
116,-0.071222,120
116,-0.042447,120
116,-0.553512,120
116,-0.015545,120
116,-0.312035,120
117,-0.371404,120
117,-0.157615,120
117,-0.258389,120
118,-0.235089,120
118,-0.270175,120
118,-0.369060,120
118,-0.193943,120
119,-0.104562,120
119,-0.066307,120
119,-0.471772,120
119,-0.148337,120
119,-0.327876,120
120,-0.122585,120
120,-0.263739,120
120,-0.241007,120
120,-0.178238,120
121,-0.056703,120
121,-0.281551,120
121,-0.393478,120
121,-0.032287,120
121,-0.069250,120
121,-0.212151,120
122,-0.147940,120
122,-0.014581,120
122,-0.114677,120
122,-0.350744,120
122,-0.287203,120
123,-0.206327,120
123,-0.161762,120
123,-0.099980,120
123,-0.103493,120
123,-0.064080,120
123,-0.011201,120
123,-0.061461,120
123,-0.026799,120
123,-0.090214,120
123,-0.229264,120
124,-0.587165,120
124,-0.618334,120
125,-0.347126,120
125,-0.455862,120
126,-0.148695,120
126,-0.495926,120
126,-0.057319,120
126,-0.052036,120
126,-0.033730,120
126,-0.013914,120
126,-0.142011,120
127,-0.030678,120
127,-0.185344,120
127,-0.090358,120
127,-0.027050,120
127,-0.078747,120
127,-0.031998,120
127,-0.081700,120
127,-0.059435,120
127,-0.973319,120
128,-0.079762,120
128,-0.372288,120
129,-0.013321,120
129,-0.005839,120
129,-0.163193,120
129,-0.042750,120
129,-0.036619,120
129,-0.070948,120
129,-0.141420,120
129,-0.039006,120
129,-0.035117,120
129,-0.310860,120
129,-0.044381,120
129,-0.012739,120
129,-0.220038,120
130,-0.187288,120
130,-0.085449,120
130,-0.619781,120
131,-0.510245,120
131,-0.039464,120
131,-0.052312,120
131,-0.010444,120
131,-0.341238,120
132,-0.027885,120
132,-0.014837,120
132,-0.256915,120
132,-0.055546,120
132,-0.112173,120
132,-0.067434,120
132,-0.045086,120
132,-0.164291,120
132,-0.122705,120
132,-0.011665,120
132,-0.131635,120
133,-1.101806,120
134,-0.114983,120
134,-0.343256,120
134,-0.001807,120
134,-0.066672,120
134,-0.283952,120
134,-0.307827,120
135,-0.655447,120
135,-0.318480,120
136,-0.140606,120
136,-0.524919,120
136,-0.027752,120
136,-0.204900,120
137,-0.231678,120
137,-0.121377,120
137,-0.339446,120
137,-0.005983,120
137,-0.064880,120
137,-0.105563,120
138,-0.119893,120
138,-0.038498,120
138,-0.688343,120
138,-0.244041,120
139,-0.611239,120
139,-0.194815,120
139,-0.303529,120
140,-0.144742,120
140,-0.111473,120
140,-0.097447,120
140,-0.164513,120
140,-0.187914,120
140,-0.082943,120
141,-0.149989,120
141,-0.080458,120
141,-0.431929,120
141,-0.012558,120
141,-0.248393,120
141,-0.484687,120
142,-0.532893,120
142,-0.111722,120
143,-0.130182,120
143,-0.244521,120
143,-0.156542,120
143,-0.735414,120
144,-0.250376,120
144,-0.230100,120
144,-0.050006,120
144,-0.398995,120
145,-0.506712,120
145,-0.480312,120
146,-0.003006,120
146,-0.012665,120
146,-0.023469,120
146,-0.183624,120
146,-0.043731,120
146,-0.034591,120
146,-0.199342,120
146,-1.160897,120
147,-0.309061,120
148,-0.046782,120
148,-0.474535,120
148,-0.029672,120
148,-0.592405,120
149,-0.015883,120
149,-0.349542,120
149,-0.267276,120
149,-0.607325,120
150,-0.116439,120
150,-0.043166,120
150,-0.304348,120
151,-0.139178,120
151,-0.213401,120
151,-0.018560,120
151,-0.209326,120
151,-0.197047,120
151,-0.274095,120
152,-0.017642,120
152,-0.097939,120
152,-0.286610,120
152,-0.304639,120
152,-0.149323,120
152,-0.010089,120
152,-0.766411,120
153,-0.086725,120
153,-0.182590,120
154,-0.304495,120
154,-0.216898,120
154,-0.221683,120
154,-0.782435,120
155,-0.391702,120
155,-0.210021,120
156,-0.847644,120
157,-0.091863,120
157,-0.842057,120
157,-0.806099,120
158,-0.078474,120
158,-0.129453,120
158,-0.736673,120
159,-0.164486,120
